#
# There is insufficient memory for the Java Runtime Environment to continue.
# Native memory allocation (malloc) failed to allocate 1919824 bytes for Chunk::new
# Possible reasons:
#   The system is out of physical RAM or swap space
#   The process is running with CompressedOops enabled, and the Java Heap may be blocking the growth of the native heap
# Possible solutions:
#   Reduce memory load on the system
#   Increase physical memory or swap space
#   Check if swap backing store is full
#   Decrease Java heap size (-Xmx/-Xms)
#   Decrease number of Java threads
#   Decrease Java thread stack sizes (-Xss)
#   Set larger code cache with -XX:ReservedCodeCacheSize=
#   JVM is running with Unscaled Compressed Oops mode in which the Java heap is
#     placed in the first 4GB address space. The Java Heap base address is the
#     maximum limit for the native heap growth. Please use -XX:HeapBaseMinAddress
#     to set the Java Heap base and to place the Java Heap above 4GB virtual address.
# This output file may be truncated or incomplete.
#
#  Out of Memory Error (arena.cpp:191), pid=18728, tid=19904
#
# JRE version: OpenJDK Runtime Environment (17.0.10) (build 17.0.10+0--11572160)
# Java VM: OpenJDK 64-Bit Server VM (17.0.10+0--11572160, mixed mode, tiered, compressed oops, compressed class ptrs, g1 gc, windows-amd64)
# No core dump will be written. Minidumps are not enabled by default on client versions of Windows
#

---------------  S U M M A R Y ------------

Command Line: --add-opens=java.base/java.util=ALL-UNNAMED --add-opens=java.base/java.lang=ALL-UNNAMED --add-opens=java.base/java.lang.invoke=ALL-UNNAMED --add-opens=java.prefs/java.util.prefs=ALL-UNNAMED --add-opens=java.base/java.nio.charset=ALL-UNNAMED --add-opens=java.base/java.net=ALL-UNNAMED --add-opens=java.base/java.util.concurrent.atomic=ALL-UNNAMED -Xmx2048m -Dfile.encoding=UTF-8 -Duser.country=US -Duser.language=en -Duser.variant -javaagent:C:\Users\DELL\gradle-8.7\wrapper\dists\gradle-8.6-bin\afr5mpiioh2wthjmwnkmdsd5w\gradle-8.6\lib\agents\gradle-instrumentation-agent-8.6.jar org.gradle.launcher.daemon.bootstrap.GradleDaemon 8.6

Host: AMD Ryzen 5 3450U with Radeon Vega Mobile Gfx  , 8 cores, 5G,  Windows 11 , 64 bit Build 22621 (10.0.22621.3672)
Time: Thu Jun  6 12:27:52 2024 Nepal Standard Time elapsed time: 30.705968 seconds (0d 0h 0m 30s)

---------------  T H R E A D  ---------------

Current thread (0x00000207eb6fba90):  JavaThread "C2 CompilerThread0" daemon [_thread_in_native, id=19904, stack(0x0000007518200000,0x0000007518300000)]


Current CompileTask:
C2:  30706 11815   !   4       java.net.URLClassLoader::defineClass (224 bytes)

Stack: [0x0000007518200000,0x0000007518300000]
Native frames: (J=compiled Java code, j=interpreted, Vv=VM code, C=native code)
V  [jvm.dll+0x688e89]
V  [jvm.dll+0x84247a]
V  [jvm.dll+0x8440be]
V  [jvm.dll+0x844723]
V  [jvm.dll+0x24be0f]
V  [jvm.dll+0xac524]
V  [jvm.dll+0xacb6c]
V  [jvm.dll+0x36bd67]
V  [jvm.dll+0x1be002]
V  [jvm.dll+0x21dbf9]
V  [jvm.dll+0x21cec1]
V  [jvm.dll+0x1a60ad]
V  [jvm.dll+0x22cd78]
V  [jvm.dll+0x22aeb0]
V  [jvm.dll+0x7f6917]
V  [jvm.dll+0x7f0d1a]
V  [jvm.dll+0x687d05]
C  [ucrtbase.dll+0x29333]
C  [KERNEL32.DLL+0x1257d]
C  [ntdll.dll+0x5aa48]


---------------  P R O C E S S  ---------------

Threads class SMR info:
_java_thread_list=0x00000207f47e57f0, length=48, elements={
0x00000207d171be90, 0x00000207eb571d60, 0x00000207eb596e20, 0x00000207eb59d4f0,
0x00000207eb6f6ff0, 0x00000207eb6f79c0, 0x00000207eb6fa390, 0x00000207eb6fba90,
0x00000207eb6fc3a0, 0x00000207eb721bb0, 0x00000207eb7b2c50, 0x00000207eb942b80,
0x00000207f18f8540, 0x00000207f0a5c2e0, 0x00000207f09b07a0, 0x00000207f18d1480,
0x00000207f09a0790, 0x00000207f1679310, 0x00000207f1679820, 0x00000207f167bb90,
0x00000207f1679d30, 0x00000207f167a750, 0x00000207f167b170, 0x00000207f167b680,
0x00000207f16783e0, 0x00000207f16788f0, 0x00000207f1678e00, 0x00000207f20abb30,
0x00000207f20ad480, 0x00000207f20ab620, 0x00000207f20aa1e0, 0x00000207f20a92b0,
0x00000207f20a8da0, 0x00000207f20adea0, 0x00000207f20aedd0, 0x00000207f20a8380,
0x00000207fc84fd70, 0x00000207fc851bd0, 0x00000207fc84df10, 0x00000207fc84e420,
0x00000207fc853520, 0x00000207fc852b00, 0x00000207fc84d4f0, 0x00000207fc853010,
0x00000207fc84cfe0, 0x00000207fc84ee40, 0x00000207fc850280, 0x00000207fc84e930
}
_to_delete_list=0x00000207f47e5ca0, length=47, elements={
0x00000207d171be90, 0x00000207eb571d60, 0x00000207eb596e20, 0x00000207eb59d4f0,
0x00000207eb6f6ff0, 0x00000207eb6f79c0, 0x00000207eb6fa390, 0x00000207eb6fba90,
0x00000207eb6fc3a0, 0x00000207eb721bb0, 0x00000207eb7b2c50, 0x00000207eb942b80,
0x00000207f18f8540, 0x00000207f0a5c2e0, 0x00000207f09b07a0, 0x00000207f18d1480,
0x00000207f09a0790, 0x00000207f1679310, 0x00000207f1679820, 0x00000207f167bb90,
0x00000207f1679d30, 0x00000207f167a750, 0x00000207f167b170, 0x00000207f167b680,
0x00000207f16783e0, 0x00000207f16788f0, 0x00000207f1678e00, 0x00000207f20abb30,
0x00000207f20ad480, 0x00000207f20ab620, 0x00000207f20aa1e0, 0x00000207f20a92b0,
0x00000207f20a8da0, 0x00000207f20adea0, 0x00000207f20aedd0, 0x00000207f20a8380,
0x00000207fc84fd70, 0x00000207fc851bd0, 0x00000207fc84df10, 0x00000207fc84e420,
0x00000207fc853520, 0x00000207fc852b00, 0x00000207fc84d4f0, 0x00000207fc853010,
0x00000207fc84cfe0, 0x00000207fc84ee40, 0x00000207fc850280
}

Java Threads: ( => current thread )
  0x00000207d171be90 JavaThread "main" [_thread_blocked, id=6516, stack(0x0000007517500000,0x0000007517600000)]
  0x00000207eb571d60 JavaThread "Reference Handler" daemon [_thread_blocked, id=17152, stack(0x0000007517c00000,0x0000007517d00000)]
  0x00000207eb596e20 JavaThread "Finalizer" daemon [_thread_blocked, id=21480, stack(0x0000007517d00000,0x0000007517e00000)]
  0x00000207eb59d4f0 JavaThread "Signal Dispatcher" daemon [_thread_blocked, id=18588, stack(0x0000007517e00000,0x0000007517f00000)]
  0x00000207eb6f6ff0 JavaThread "Attach Listener" daemon [_thread_blocked, id=19816, stack(0x0000007517f00000,0x0000007518000000)]
  0x00000207eb6f79c0 JavaThread "Service Thread" daemon [_thread_blocked, id=1280, stack(0x0000007518000000,0x0000007518100000)]
  0x00000207eb6fa390 JavaThread "Monitor Deflation Thread" daemon [_thread_blocked, id=19332, stack(0x0000007518100000,0x0000007518200000)]
=>0x00000207eb6fba90 JavaThread "C2 CompilerThread0" daemon [_thread_in_native, id=19904, stack(0x0000007518200000,0x0000007518300000)]
  0x00000207eb6fc3a0 JavaThread "C1 CompilerThread0" daemon [_thread_blocked, id=2028, stack(0x0000007518300000,0x0000007518400000)]
  0x00000207eb721bb0 JavaThread "Sweeper thread" daemon [_thread_blocked, id=16612, stack(0x0000007518400000,0x0000007518500000)]
  0x00000207eb7b2c50 JavaThread "Common-Cleaner" daemon [_thread_blocked, id=18780, stack(0x0000007518500000,0x0000007518600000)]
  0x00000207eb942b80 JavaThread "Notification Thread" daemon [_thread_blocked, id=7080, stack(0x0000007518600000,0x0000007518700000)]
  0x00000207f18f8540 JavaThread "Daemon health stats" [_thread_blocked, id=18584, stack(0x0000007518c00000,0x0000007518d00000)]
  0x00000207f0a5c2e0 JavaThread "Incoming local TCP Connector on port 50733" [_thread_in_native, id=19688, stack(0x0000007518d00000,0x0000007518e00000)]
  0x00000207f09b07a0 JavaThread "Daemon periodic checks" [_thread_blocked, id=11924, stack(0x0000007518e00000,0x0000007518f00000)]
  0x00000207f18d1480 JavaThread "Daemon" [_thread_blocked, id=20788, stack(0x0000007518f00000,0x0000007519000000)]
  0x00000207f09a0790 JavaThread "Handler for socket connection from /127.0.0.1:50733 to /127.0.0.1:50734" [_thread_in_native, id=11976, stack(0x0000007519000000,0x0000007519100000)]
  0x00000207f1679310 JavaThread "Cancel handler" [_thread_blocked, id=6068, stack(0x0000007519100000,0x0000007519200000)]
  0x00000207f1679820 JavaThread "Daemon worker" [_thread_in_Java, id=17552, stack(0x0000007519200000,0x0000007519300000)]
  0x00000207f167bb90 JavaThread "Asynchronous log dispatcher for DefaultDaemonConnection: socket connection from /127.0.0.1:50733 to /127.0.0.1:50734" [_thread_blocked, id=9568, stack(0x0000007519300000,0x0000007519400000)]
  0x00000207f1679d30 JavaThread "Stdin handler" [_thread_blocked, id=6712, stack(0x0000007519400000,0x0000007519500000)]
  0x00000207f167a750 JavaThread "Daemon client event forwarder" [_thread_blocked, id=14780, stack(0x0000007519500000,0x0000007519600000)]
  0x00000207f167b170 JavaThread "Cache worker for journal cache (C:\Users\DELL\gradle-8.7\caches\journal-1)" [_thread_blocked, id=16208, stack(0x0000007519a00000,0x0000007519b00000)]
  0x00000207f167b680 JavaThread "File lock request listener" [_thread_in_native, id=7024, stack(0x0000007519b00000,0x0000007519c00000)]
  0x00000207f16783e0 JavaThread "Cache worker for file hash cache (C:\Users\DELL\gradle-8.7\caches\8.6\fileHashes)" [_thread_blocked, id=4636, stack(0x0000007519c00000,0x0000007519d00000)]
  0x00000207f16788f0 JavaThread "File watcher server" daemon [_thread_in_native, id=20860, stack(0x0000007519d00000,0x0000007519e00000)]
  0x00000207f1678e00 JavaThread "File watcher consumer" daemon [_thread_blocked, id=16472, stack(0x0000007519e00000,0x0000007519f00000)]
  0x00000207f20abb30 JavaThread "Cache worker for checksums cache (C:\Users\DELL\AndroidStudioProjects\LearnSomething\.gradle\8.6\checksums)" [_thread_blocked, id=20872, stack(0x0000007519f00000,0x000000751a000000)]
  0x00000207f20ad480 JavaThread "Cache worker for file hash cache (C:\Users\DELL\AndroidStudioProjects\LearnSomething\.gradle\8.6\fileHashes)" [_thread_blocked, id=21220, stack(0x000000751a000000,0x000000751a100000)]
  0x00000207f20ab620 JavaThread "Cache worker for cache directory md-supplier (C:\Users\DELL\gradle-8.7\caches\8.6\md-supplier)" [_thread_blocked, id=19440, stack(0x000000751a100000,0x000000751a200000)]
  0x00000207f20aa1e0 JavaThread "Cache worker for cache directory md-rule (C:\Users\DELL\gradle-8.7\caches\8.6\md-rule)" [_thread_blocked, id=13584, stack(0x000000751a200000,0x000000751a300000)]
  0x00000207f20a92b0 JavaThread "Cache worker for file content cache (C:\Users\DELL\gradle-8.7\caches\8.6\fileContent)" [_thread_blocked, id=20356, stack(0x000000751a300000,0x000000751a400000)]
  0x00000207f20a8da0 JavaThread "jar transforms" [_thread_blocked, id=18980, stack(0x000000751a900000,0x000000751aa00000)]
  0x00000207f20adea0 JavaThread "jar transforms Thread 2" [_thread_blocked, id=16200, stack(0x000000751aa00000,0x000000751ab00000)]
  0x00000207f20aedd0 JavaThread "jar transforms Thread 3" [_thread_blocked, id=12560, stack(0x000000751ab00000,0x000000751ac00000)]
  0x00000207f20a8380 JavaThread "jar transforms Thread 4" [_thread_blocked, id=13984, stack(0x000000751ac00000,0x000000751ad00000)]
  0x00000207fc84fd70 JavaThread "Cache worker for Build Output Cleanup Cache (C:\Users\DELL\AndroidStudioProjects\LearnSomething\.gradle\buildOutputCleanup)" [_thread_blocked, id=21088, stack(0x000000751ad00000,0x000000751ae00000)]
  0x00000207fc851bd0 JavaThread "jar transforms Thread 5" [_thread_blocked, id=18704, stack(0x000000751ae00000,0x000000751af00000)]
  0x00000207fc84df10 JavaThread "jar transforms Thread 6" [_thread_blocked, id=21028, stack(0x000000751af00000,0x000000751b000000)]
  0x00000207fc84e420 JavaThread "Unconstrained build operations" [_thread_blocked, id=17540, stack(0x000000751b000000,0x000000751b100000)]
  0x00000207fc853520 JavaThread "Unconstrained build operations Thread 2" [_thread_blocked, id=13020, stack(0x000000751b100000,0x000000751b200000)]
  0x00000207fc852b00 JavaThread "Unconstrained build operations Thread 3" [_thread_blocked, id=7128, stack(0x000000751b200000,0x000000751b300000)]
  0x00000207fc84d4f0 JavaThread "Unconstrained build operations Thread 4" [_thread_blocked, id=18500, stack(0x000000751b300000,0x000000751b400000)]
  0x00000207fc853010 JavaThread "Unconstrained build operations Thread 5" [_thread_blocked, id=9360, stack(0x000000751b400000,0x000000751b500000)]
  0x00000207fc84cfe0 JavaThread "Unconstrained build operations Thread 6" [_thread_blocked, id=5660, stack(0x000000751b500000,0x000000751b600000)]
  0x00000207fc84ee40 JavaThread "Unconstrained build operations Thread 7" [_thread_blocked, id=22080, stack(0x000000751b600000,0x000000751b700000)]
  0x00000207fc850280 JavaThread "jar transforms Thread 7" [_thread_blocked, id=21240, stack(0x000000751b700000,0x000000751b800000)]
  0x00000207fc84e930 JavaThread "jar transforms Thread 8" [_thread_blocked, id=6624, stack(0x000000751b800000,0x000000751b900000)]

Other Threads:
  0x00000207eb5693c0 VMThread "VM Thread" [stack: 0x0000007517b00000,0x0000007517c00000] [id=18024]
  0x00000207d171cd10 WatcherThread [stack: 0x0000007518700000,0x0000007518800000] [id=20784]
  0x00000207d17768e0 GCTaskThread "GC Thread#0" [stack: 0x0000007517600000,0x0000007517700000] [id=9964]
  0x00000207f08f8270 GCTaskThread "GC Thread#1" [stack: 0x0000007518800000,0x0000007518900000] [id=18176]
  0x00000207f03c46a0 GCTaskThread "GC Thread#2" [stack: 0x0000007518900000,0x0000007518a00000] [id=6440]
  0x00000207f07fe930 GCTaskThread "GC Thread#3" [stack: 0x0000007518a00000,0x0000007518b00000] [id=11056]
  0x00000207f08d4b90 GCTaskThread "GC Thread#4" [stack: 0x0000007518b00000,0x0000007518c00000] [id=7448]
  0x00000207f1b62460 GCTaskThread "GC Thread#5" [stack: 0x0000007519600000,0x0000007519700000] [id=5452]
  0x00000207f1b62720 GCTaskThread "GC Thread#6" [stack: 0x0000007519700000,0x0000007519800000] [id=6552]
  0x00000207f1b629e0 GCTaskThread "GC Thread#7" [stack: 0x0000007519800000,0x0000007519900000] [id=10688]
  0x00000207d1787830 ConcurrentGCThread "G1 Main Marker" [stack: 0x0000007517700000,0x0000007517800000] [id=10088]
  0x00000207d17889f0 ConcurrentGCThread "G1 Conc#0" [stack: 0x0000007517800000,0x0000007517900000] [id=3416]
  0x00000207f1b62ca0 ConcurrentGCThread "G1 Conc#1" [stack: 0x0000007519900000,0x0000007519a00000] [id=5208]
  0x00000207eb3d24c0 ConcurrentGCThread "G1 Refine#0" [stack: 0x0000007517900000,0x0000007517a00000] [id=5092]
  0x00000207f2d55ba0 ConcurrentGCThread "G1 Refine#1" [stack: 0x000000751a400000,0x000000751a500000] [id=1324]
  0x00000207f2a5f3f0 ConcurrentGCThread "G1 Refine#2" [stack: 0x000000751a500000,0x000000751a600000] [id=19172]
  0x00000207f3212e60 ConcurrentGCThread "G1 Refine#3" [stack: 0x000000751a600000,0x000000751a700000] [id=21180]
  0x00000207f3213150 ConcurrentGCThread "G1 Refine#4" [stack: 0x000000751a700000,0x000000751a800000] [id=6304]
  0x00000207f3213440 ConcurrentGCThread "G1 Refine#5" [stack: 0x000000751a800000,0x000000751a900000] [id=13736]
  0x00000207eb3d2e00 ConcurrentGCThread "G1 Service" [stack: 0x0000007517a00000,0x0000007517b00000] [id=22472]

Threads with active compile tasks:
C2 CompilerThread0    30773 11815   !   4       java.net.URLClassLoader::defineClass (224 bytes)

VM state: not at safepoint (normal execution)

VM Mutex/Monitor currently owned by a thread: None

Heap address: 0x0000000080000000, size: 2048 MB, Compressed Oops mode: 32-bit

CDS archive(s) not mapped
Compressed class space mapped at: 0x0000000100000000-0x0000000140000000, reserved size: 1073741824
Narrow klass base: 0x0000000000000000, Narrow klass shift: 3, Narrow klass range: 0x140000000

GC Precious Log:
 CPUs: 8 total, 8 available
 Memory: 6030M
 Large Page Support: Disabled
 NUMA Support: Disabled
 Compressed Oops: Enabled (32-bit)
 Heap Region Size: 1M
 Heap Min Capacity: 8M
 Heap Initial Capacity: 96M
 Heap Max Capacity: 2G
 Pre-touch: Disabled
 Parallel Workers: 8
 Concurrent Workers: 2
 Concurrent Refinement Workers: 8
 Periodic GC: Disabled

Heap:
 garbage-first heap   total 202752K, used 125774K [0x0000000080000000, 0x0000000100000000)
  region size 1024K, 10 young (10240K), 7 survivors (7168K)
 Metaspace       used 119348K, committed 119936K, reserved 1179648K
  class space    used 15423K, committed 15680K, reserved 1048576K

Heap Regions: E=young(eden), S=young(survivor), O=old, HS=humongous(starts), HC=humongous(continues), CS=collection set, F=free, OA=open archive, CA=closed archive, TAMS=top-at-mark-start (previous, next)
|   0|0x0000000080000000, 0x0000000080100000, 0x0000000080100000|100%|HS|  |TAMS 0x0000000080100000, 0x0000000080000000| Complete 
|   1|0x0000000080100000, 0x0000000080200000, 0x0000000080200000|100%|HC|  |TAMS 0x0000000080200000, 0x0000000080100000| Complete 
|   2|0x0000000080200000, 0x0000000080300000, 0x0000000080300000|100%|HC|  |TAMS 0x0000000080300000, 0x0000000080200000| Complete 
|   3|0x0000000080300000, 0x0000000080400000, 0x0000000080400000|100%|HC|  |TAMS 0x0000000080400000, 0x0000000080300000| Complete 
|   4|0x0000000080400000, 0x0000000080500000, 0x0000000080500000|100%| O|  |TAMS 0x0000000080500000, 0x0000000080400000| Untracked 
|   5|0x0000000080500000, 0x0000000080600000, 0x0000000080600000|100%| O|  |TAMS 0x0000000080500000, 0x0000000080500000| Untracked 
|   6|0x0000000080600000, 0x0000000080700000, 0x0000000080700000|100%| O|  |TAMS 0x0000000080700000, 0x0000000080600000| Untracked 
|   7|0x0000000080700000, 0x0000000080800000, 0x0000000080800000|100%| O|  |TAMS 0x0000000080800000, 0x0000000080700000| Untracked 
|   8|0x0000000080800000, 0x0000000080900000, 0x0000000080900000|100%| O|  |TAMS 0x0000000080900000, 0x0000000080800000| Untracked 
|   9|0x0000000080900000, 0x0000000080a00000, 0x0000000080a00000|100%| O|  |TAMS 0x0000000080a00000, 0x0000000080900000| Untracked 
|  10|0x0000000080a00000, 0x0000000080b00000, 0x0000000080b00000|100%| O|  |TAMS 0x0000000080b00000, 0x0000000080a00000| Untracked 
|  11|0x0000000080b00000, 0x0000000080c00000, 0x0000000080c00000|100%| O|  |TAMS 0x0000000080c00000, 0x0000000080b00000| Untracked 
|  12|0x0000000080c00000, 0x0000000080d00000, 0x0000000080d00000|100%| O|  |TAMS 0x0000000080d00000, 0x0000000080c00000| Untracked 
|  13|0x0000000080d00000, 0x0000000080e00000, 0x0000000080e00000|100%| O|  |TAMS 0x0000000080e00000, 0x0000000080d00000| Untracked 
|  14|0x0000000080e00000, 0x0000000080f00000, 0x0000000080f00000|100%| O|  |TAMS 0x0000000080f00000, 0x0000000080e00000| Untracked 
|  15|0x0000000080f00000, 0x0000000081000000, 0x0000000081000000|100%| O|  |TAMS 0x0000000081000000, 0x0000000080f00000| Untracked 
|  16|0x0000000081000000, 0x0000000081100000, 0x0000000081100000|100%| O|  |TAMS 0x0000000081100000, 0x0000000081000000| Untracked 
|  17|0x0000000081100000, 0x0000000081200000, 0x0000000081200000|100%| O|  |TAMS 0x0000000081200000, 0x0000000081100000| Untracked 
|  18|0x0000000081200000, 0x0000000081300000, 0x0000000081300000|100%| O|  |TAMS 0x0000000081300000, 0x0000000081200000| Untracked 
|  19|0x0000000081300000, 0x0000000081400000, 0x0000000081400000|100%| O|  |TAMS 0x0000000081400000, 0x0000000081300000| Untracked 
|  20|0x0000000081400000, 0x0000000081500000, 0x0000000081500000|100%| O|  |TAMS 0x0000000081500000, 0x0000000081400000| Untracked 
|  21|0x0000000081500000, 0x0000000081600000, 0x0000000081600000|100%| O|  |TAMS 0x0000000081600000, 0x0000000081500000| Untracked 
|  22|0x0000000081600000, 0x0000000081700000, 0x0000000081700000|100%| O|  |TAMS 0x0000000081700000, 0x0000000081600000| Untracked 
|  23|0x0000000081700000, 0x0000000081800000, 0x0000000081800000|100%| O|  |TAMS 0x0000000081800000, 0x0000000081700000| Untracked 
|  24|0x0000000081800000, 0x0000000081900000, 0x0000000081900000|100%| O|  |TAMS 0x0000000081900000, 0x0000000081800000| Untracked 
|  25|0x0000000081900000, 0x0000000081a00000, 0x0000000081a00000|100%| O|  |TAMS 0x0000000081a00000, 0x0000000081900000| Untracked 
|  26|0x0000000081a00000, 0x0000000081b00000, 0x0000000081b00000|100%| O|  |TAMS 0x0000000081b00000, 0x0000000081a00000| Untracked 
|  27|0x0000000081b00000, 0x0000000081c00000, 0x0000000081c00000|100%| O|  |TAMS 0x0000000081c00000, 0x0000000081b00000| Untracked 
|  28|0x0000000081c00000, 0x0000000081d00000, 0x0000000081d00000|100%| O|  |TAMS 0x0000000081d00000, 0x0000000081c00000| Untracked 
|  29|0x0000000081d00000, 0x0000000081e00000, 0x0000000081e00000|100%| O|  |TAMS 0x0000000081e00000, 0x0000000081d00000| Untracked 
|  30|0x0000000081e00000, 0x0000000081f00000, 0x0000000081f00000|100%| O|  |TAMS 0x0000000081f00000, 0x0000000081e00000| Untracked 
|  31|0x0000000081f00000, 0x0000000082000000, 0x0000000082000000|100%| O|  |TAMS 0x0000000082000000, 0x0000000081f00000| Untracked 
|  32|0x0000000082000000, 0x0000000082100000, 0x0000000082100000|100%| O|  |TAMS 0x0000000082100000, 0x0000000082000000| Untracked 
|  33|0x0000000082100000, 0x0000000082200000, 0x0000000082200000|100%|HS|  |TAMS 0x0000000082200000, 0x0000000082100000| Complete 
|  34|0x0000000082200000, 0x0000000082300000, 0x0000000082300000|100%| O|  |TAMS 0x0000000082300000, 0x0000000082200000| Untracked 
|  35|0x0000000082300000, 0x0000000082400000, 0x0000000082400000|100%| O|  |TAMS 0x0000000082400000, 0x0000000082300000| Untracked 
|  36|0x0000000082400000, 0x0000000082500000, 0x0000000082500000|100%| O|  |TAMS 0x0000000082500000, 0x0000000082400000| Untracked 
|  37|0x0000000082500000, 0x0000000082600000, 0x0000000082600000|100%| O|  |TAMS 0x0000000082600000, 0x0000000082500000| Untracked 
|  38|0x0000000082600000, 0x0000000082700000, 0x0000000082700000|100%| O|  |TAMS 0x0000000082700000, 0x0000000082600000| Untracked 
|  39|0x0000000082700000, 0x0000000082800000, 0x0000000082800000|100%| O|  |TAMS 0x0000000082800000, 0x0000000082700000| Untracked 
|  40|0x0000000082800000, 0x0000000082900000, 0x0000000082900000|100%|HS|  |TAMS 0x0000000082900000, 0x0000000082800000| Complete 
|  41|0x0000000082900000, 0x0000000082a00000, 0x0000000082a00000|100%|HC|  |TAMS 0x0000000082a00000, 0x0000000082900000| Complete 
|  42|0x0000000082a00000, 0x0000000082b00000, 0x0000000082b00000|100%|HC|  |TAMS 0x0000000082b00000, 0x0000000082a00000| Complete 
|  43|0x0000000082b00000, 0x0000000082c00000, 0x0000000082c00000|100%|HC|  |TAMS 0x0000000082c00000, 0x0000000082b00000| Complete 
|  44|0x0000000082c00000, 0x0000000082d00000, 0x0000000082d00000|100%|HC|  |TAMS 0x0000000082d00000, 0x0000000082c00000| Complete 
|  45|0x0000000082d00000, 0x0000000082e00000, 0x0000000082e00000|100%|HC|  |TAMS 0x0000000082e00000, 0x0000000082d00000| Complete 
|  46|0x0000000082e00000, 0x0000000082f00000, 0x0000000082f00000|100%| O|  |TAMS 0x0000000082f00000, 0x0000000082e00000| Untracked 
|  47|0x0000000082f00000, 0x0000000083000000, 0x0000000083000000|100%| O|  |TAMS 0x0000000083000000, 0x0000000082f00000| Untracked 
|  48|0x0000000083000000, 0x0000000083100000, 0x0000000083100000|100%| O|  |TAMS 0x0000000083100000, 0x0000000083000000| Untracked 
|  49|0x0000000083100000, 0x0000000083200000, 0x0000000083200000|100%| O|  |TAMS 0x0000000083200000, 0x0000000083100000| Untracked 
|  50|0x0000000083200000, 0x0000000083300000, 0x0000000083300000|100%| O|  |TAMS 0x0000000083300000, 0x0000000083200000| Untracked 
|  51|0x0000000083300000, 0x0000000083400000, 0x0000000083400000|100%| O|  |TAMS 0x0000000083400000, 0x0000000083300000| Untracked 
|  52|0x0000000083400000, 0x0000000083500000, 0x0000000083500000|100%| O|  |TAMS 0x0000000083500000, 0x0000000083400000| Untracked 
|  53|0x0000000083500000, 0x0000000083600000, 0x0000000083600000|100%| O|  |TAMS 0x0000000083600000, 0x0000000083500000| Untracked 
|  54|0x0000000083600000, 0x0000000083700000, 0x0000000083700000|100%|HS|  |TAMS 0x0000000083600000, 0x0000000083600000| Complete 
|  55|0x0000000083700000, 0x0000000083800000, 0x0000000083800000|100%| O|  |TAMS 0x0000000083700000, 0x0000000083700000| Untracked 
|  56|0x0000000083800000, 0x0000000083900000, 0x0000000083900000|100%|HS|  |TAMS 0x0000000083800000, 0x0000000083800000| Complete 
|  57|0x0000000083900000, 0x0000000083a00000, 0x0000000083a00000|100%|HS|  |TAMS 0x0000000083900000, 0x0000000083900000| Complete 
|  58|0x0000000083a00000, 0x0000000083b00000, 0x0000000083b00000|100%| O|  |TAMS 0x0000000083a00000, 0x0000000083a00000| Untracked 
|  59|0x0000000083b00000, 0x0000000083c00000, 0x0000000083c00000|100%|HS|  |TAMS 0x0000000083b00000, 0x0000000083b00000| Complete 
|  60|0x0000000083c00000, 0x0000000083d00000, 0x0000000083d00000|100%| O|  |TAMS 0x0000000083c00000, 0x0000000083c00000| Untracked 
|  61|0x0000000083d00000, 0x0000000083e00000, 0x0000000083e00000|100%| O|  |TAMS 0x0000000083e00000, 0x0000000083d00000| Untracked 
|  62|0x0000000083e00000, 0x0000000083f00000, 0x0000000083f00000|100%|HS|  |TAMS 0x0000000083e00000, 0x0000000083e00000| Complete 
|  63|0x0000000083f00000, 0x0000000084000000, 0x0000000084000000|100%| O|  |TAMS 0x0000000084000000, 0x0000000083f00000| Untracked 
|  64|0x0000000084000000, 0x0000000084100000, 0x0000000084100000|100%| O|  |TAMS 0x0000000084100000, 0x0000000084000000| Untracked 
|  65|0x0000000084100000, 0x0000000084200000, 0x0000000084200000|100%| O|  |TAMS 0x0000000084200000, 0x0000000084100000| Untracked 
|  66|0x0000000084200000, 0x0000000084300000, 0x0000000084300000|100%|HS|  |TAMS 0x0000000084200000, 0x0000000084200000| Complete 
|  67|0x0000000084300000, 0x0000000084400000, 0x0000000084400000|100%|HC|  |TAMS 0x0000000084300000, 0x0000000084300000| Complete 
|  68|0x0000000084400000, 0x0000000084500000, 0x0000000084500000|100%| O|  |TAMS 0x0000000084400000, 0x0000000084400000| Untracked 
|  69|0x0000000084500000, 0x0000000084600000, 0x0000000084600000|100%| O|  |TAMS 0x0000000084500000, 0x0000000084500000| Untracked 
|  70|0x0000000084600000, 0x0000000084700000, 0x0000000084700000|100%| O|  |TAMS 0x0000000084600000, 0x0000000084600000| Untracked 
|  71|0x0000000084700000, 0x0000000084800000, 0x0000000084800000|100%| O|  |TAMS 0x0000000084700000, 0x0000000084700000| Untracked 
|  72|0x0000000084800000, 0x0000000084900000, 0x0000000084900000|100%| O|  |TAMS 0x0000000084800000, 0x0000000084800000| Untracked 
|  73|0x0000000084900000, 0x0000000084a00000, 0x0000000084a00000|100%| O|  |TAMS 0x0000000084900000, 0x0000000084900000| Untracked 
|  74|0x0000000084a00000, 0x0000000084b00000, 0x0000000084b00000|100%|HS|  |TAMS 0x0000000084a00000, 0x0000000084a00000| Complete 
|  75|0x0000000084b00000, 0x0000000084c00000, 0x0000000084c00000|100%|HC|  |TAMS 0x0000000084b00000, 0x0000000084b00000| Complete 
|  76|0x0000000084c00000, 0x0000000084d00000, 0x0000000084d00000|100%| O|  |TAMS 0x0000000084d00000, 0x0000000084c00000| Untracked 
|  77|0x0000000084d00000, 0x0000000084e00000, 0x0000000084e00000|100%| O|  |TAMS 0x0000000084e00000, 0x0000000084d00000| Untracked 
|  78|0x0000000084e00000, 0x0000000084f00000, 0x0000000084f00000|100%| O|  |TAMS 0x0000000084f00000, 0x0000000084e00000| Untracked 
|  79|0x0000000084f00000, 0x0000000085000000, 0x0000000085000000|100%| O|  |TAMS 0x0000000085000000, 0x0000000084f00000| Untracked 
|  80|0x0000000085000000, 0x0000000085100000, 0x0000000085100000|100%| O|  |TAMS 0x0000000085100000, 0x0000000085000000| Untracked 
|  81|0x0000000085100000, 0x0000000085200000, 0x0000000085200000|100%| O|  |TAMS 0x0000000085200000, 0x0000000085100000| Untracked 
|  82|0x0000000085200000, 0x0000000085300000, 0x0000000085300000|100%| O|  |TAMS 0x0000000085200000, 0x0000000085200000| Untracked 
|  83|0x0000000085300000, 0x0000000085400000, 0x0000000085400000|100%| O|  |TAMS 0x0000000085400000, 0x0000000085300000| Untracked 
|  84|0x0000000085400000, 0x0000000085500000, 0x0000000085500000|100%| O|  |TAMS 0x00000000854d9e00, 0x0000000085400000| Untracked 
|  85|0x0000000085500000, 0x0000000085600000, 0x0000000085600000|100%| O|  |TAMS 0x0000000085500000, 0x0000000085500000| Untracked 
|  86|0x0000000085600000, 0x0000000085700000, 0x0000000085700000|100%| O|  |TAMS 0x0000000085600000, 0x0000000085600000| Untracked 
|  87|0x0000000085700000, 0x0000000085800000, 0x0000000085800000|100%| O|  |TAMS 0x0000000085700000, 0x0000000085700000| Untracked 
|  88|0x0000000085800000, 0x0000000085900000, 0x0000000085900000|100%| O|  |TAMS 0x0000000085800000, 0x0000000085800000| Untracked 
|  89|0x0000000085900000, 0x0000000085a00000, 0x0000000085a00000|100%| O|  |TAMS 0x0000000085900000, 0x0000000085900000| Untracked 
|  90|0x0000000085a00000, 0x0000000085b00000, 0x0000000085b00000|100%| O|  |TAMS 0x0000000085a00000, 0x0000000085a00000| Untracked 
|  91|0x0000000085b00000, 0x0000000085c00000, 0x0000000085c00000|100%| O|  |TAMS 0x0000000085b00000, 0x0000000085b00000| Untracked 
|  92|0x0000000085c00000, 0x0000000085d00000, 0x0000000085d00000|100%| O|  |TAMS 0x0000000085c00000, 0x0000000085c00000| Untracked 
|  93|0x0000000085d00000, 0x0000000085e00000, 0x0000000085e00000|100%| O|  |TAMS 0x0000000085d00000, 0x0000000085d00000| Untracked 
|  94|0x0000000085e00000, 0x0000000085f00000, 0x0000000085f00000|100%| O|  |TAMS 0x0000000085e00000, 0x0000000085e00000| Untracked 
|  95|0x0000000085f00000, 0x0000000086000000, 0x0000000086000000|100%| O|  |TAMS 0x0000000085f00000, 0x0000000085f00000| Untracked 
|  96|0x0000000086000000, 0x0000000086100000, 0x0000000086100000|100%| O|  |TAMS 0x0000000086000000, 0x0000000086000000| Untracked 
|  97|0x0000000086100000, 0x0000000086200000, 0x0000000086200000|100%| O|  |TAMS 0x0000000086100000, 0x0000000086100000| Untracked 
|  98|0x0000000086200000, 0x0000000086300000, 0x0000000086300000|100%| O|  |TAMS 0x0000000086200000, 0x0000000086200000| Untracked 
|  99|0x0000000086300000, 0x0000000086400000, 0x0000000086400000|100%| O|  |TAMS 0x0000000086300000, 0x0000000086300000| Untracked 
| 100|0x0000000086400000, 0x0000000086500000, 0x0000000086500000|100%|HS|  |TAMS 0x0000000086400000, 0x0000000086400000| Complete 
| 101|0x0000000086500000, 0x0000000086600000, 0x0000000086600000|100%|HC|  |TAMS 0x0000000086500000, 0x0000000086500000| Complete 
| 102|0x0000000086600000, 0x0000000086700000, 0x0000000086700000|100%|HC|  |TAMS 0x0000000086600000, 0x0000000086600000| Complete 
| 103|0x0000000086700000, 0x0000000086800000, 0x0000000086800000|100%|HC|  |TAMS 0x0000000086700000, 0x0000000086700000| Complete 
| 104|0x0000000086800000, 0x0000000086900000, 0x0000000086900000|100%| O|  |TAMS 0x0000000086800000, 0x0000000086800000| Untracked 
| 105|0x0000000086900000, 0x0000000086a00000, 0x0000000086a00000|100%| O|  |TAMS 0x0000000086900000, 0x0000000086900000| Untracked 
| 106|0x0000000086a00000, 0x0000000086b00000, 0x0000000086b00000|100%| O|  |TAMS 0x0000000086a00000, 0x0000000086a00000| Untracked 
| 107|0x0000000086b00000, 0x0000000086c00000, 0x0000000086c00000|100%| O|  |TAMS 0x0000000086b00000, 0x0000000086b00000| Untracked 
| 108|0x0000000086c00000, 0x0000000086d00000, 0x0000000086d00000|100%| O|  |TAMS 0x0000000086c00000, 0x0000000086c00000| Untracked 
| 109|0x0000000086d00000, 0x0000000086e00000, 0x0000000086e00000|100%| O|  |TAMS 0x0000000086d00000, 0x0000000086d00000| Untracked 
| 110|0x0000000086e00000, 0x0000000086ed3800, 0x0000000086f00000| 82%| O|  |TAMS 0x0000000086e00000, 0x0000000086e00000| Untracked 
| 111|0x0000000086f00000, 0x0000000086f00000, 0x0000000087000000|  0%| F|  |TAMS 0x0000000086f00000, 0x0000000086f00000| Untracked 
| 112|0x0000000087000000, 0x0000000087000000, 0x0000000087100000|  0%| F|  |TAMS 0x0000000087000000, 0x0000000087000000| Untracked 
| 113|0x0000000087100000, 0x0000000087100000, 0x0000000087200000|  0%| F|  |TAMS 0x0000000087100000, 0x0000000087100000| Untracked 
| 114|0x0000000087200000, 0x0000000087200000, 0x0000000087300000|  0%| F|  |TAMS 0x0000000087200000, 0x0000000087200000| Untracked 
| 115|0x0000000087300000, 0x0000000087300000, 0x0000000087400000|  0%| F|  |TAMS 0x0000000087300000, 0x0000000087300000| Untracked 
| 116|0x0000000087400000, 0x0000000087400000, 0x0000000087500000|  0%| F|  |TAMS 0x0000000087400000, 0x0000000087400000| Untracked 
| 117|0x0000000087500000, 0x0000000087500000, 0x0000000087600000|  0%| F|  |TAMS 0x0000000087500000, 0x0000000087500000| Untracked 
| 118|0x0000000087600000, 0x0000000087600000, 0x0000000087700000|  0%| F|  |TAMS 0x0000000087600000, 0x0000000087600000| Untracked 
| 119|0x0000000087700000, 0x0000000087700000, 0x0000000087800000|  0%| F|  |TAMS 0x0000000087700000, 0x0000000087700000| Untracked 
| 120|0x0000000087800000, 0x0000000087800000, 0x0000000087900000|  0%| F|  |TAMS 0x0000000087800000, 0x0000000087800000| Untracked 
| 121|0x0000000087900000, 0x0000000087900000, 0x0000000087a00000|  0%| F|  |TAMS 0x0000000087900000, 0x0000000087900000| Untracked 
| 122|0x0000000087a00000, 0x0000000087a00000, 0x0000000087b00000|  0%| F|  |TAMS 0x0000000087a00000, 0x0000000087a00000| Untracked 
| 123|0x0000000087b00000, 0x0000000087b00000, 0x0000000087c00000|  0%| F|  |TAMS 0x0000000087b00000, 0x0000000087b00000| Untracked 
| 124|0x0000000087c00000, 0x0000000087c00000, 0x0000000087d00000|  0%| F|  |TAMS 0x0000000087c00000, 0x0000000087c00000| Untracked 
| 125|0x0000000087d00000, 0x0000000087d00000, 0x0000000087e00000|  0%| F|  |TAMS 0x0000000087d00000, 0x0000000087d00000| Untracked 
| 126|0x0000000087e00000, 0x0000000087e00000, 0x0000000087f00000|  0%| F|  |TAMS 0x0000000087e00000, 0x0000000087e00000| Untracked 
| 127|0x0000000087f00000, 0x0000000087f00000, 0x0000000088000000|  0%| F|  |TAMS 0x0000000087f00000, 0x0000000087f00000| Untracked 
| 128|0x0000000088000000, 0x0000000088000000, 0x0000000088100000|  0%| F|  |TAMS 0x0000000088000000, 0x0000000088000000| Untracked 
| 129|0x0000000088100000, 0x0000000088100000, 0x0000000088200000|  0%| F|  |TAMS 0x0000000088100000, 0x0000000088100000| Untracked 
| 130|0x0000000088200000, 0x0000000088200000, 0x0000000088300000|  0%| F|  |TAMS 0x0000000088200000, 0x0000000088200000| Untracked 
| 131|0x0000000088300000, 0x0000000088300000, 0x0000000088400000|  0%| F|  |TAMS 0x0000000088300000, 0x0000000088300000| Untracked 
| 132|0x0000000088400000, 0x0000000088400000, 0x0000000088500000|  0%| F|  |TAMS 0x0000000088400000, 0x0000000088400000| Untracked 
| 133|0x0000000088500000, 0x0000000088500000, 0x0000000088600000|  0%| F|  |TAMS 0x0000000088500000, 0x0000000088500000| Untracked 
| 134|0x0000000088600000, 0x0000000088600000, 0x0000000088700000|  0%| F|  |TAMS 0x0000000088600000, 0x0000000088600000| Untracked 
| 135|0x0000000088700000, 0x0000000088700000, 0x0000000088800000|  0%| F|  |TAMS 0x0000000088700000, 0x0000000088700000| Untracked 
| 136|0x0000000088800000, 0x0000000088800000, 0x0000000088900000|  0%| F|  |TAMS 0x0000000088800000, 0x0000000088800000| Untracked 
| 137|0x0000000088900000, 0x0000000088900000, 0x0000000088a00000|  0%| F|  |TAMS 0x0000000088900000, 0x0000000088900000| Untracked 
| 138|0x0000000088a00000, 0x0000000088a00000, 0x0000000088b00000|  0%| F|  |TAMS 0x0000000088a00000, 0x0000000088a00000| Untracked 
| 139|0x0000000088b00000, 0x0000000088b00000, 0x0000000088c00000|  0%| F|  |TAMS 0x0000000088b00000, 0x0000000088b00000| Untracked 
| 140|0x0000000088c00000, 0x0000000088c00000, 0x0000000088d00000|  0%| F|  |TAMS 0x0000000088c00000, 0x0000000088c00000| Untracked 
| 141|0x0000000088d00000, 0x0000000088d00000, 0x0000000088e00000|  0%| F|  |TAMS 0x0000000088d00000, 0x0000000088d00000| Untracked 
| 142|0x0000000088e00000, 0x0000000088e00000, 0x0000000088f00000|  0%| F|  |TAMS 0x0000000088e00000, 0x0000000088e00000| Untracked 
| 143|0x0000000088f00000, 0x0000000089000000, 0x0000000089000000|100%| S|CS|TAMS 0x0000000088f00000, 0x0000000088f00000| Complete 
| 144|0x0000000089000000, 0x0000000089100000, 0x0000000089100000|100%| S|CS|TAMS 0x0000000089000000, 0x0000000089000000| Complete 
| 145|0x0000000089100000, 0x0000000089200000, 0x0000000089200000|100%| S|CS|TAMS 0x0000000089100000, 0x0000000089100000| Complete 
| 146|0x0000000089200000, 0x0000000089300000, 0x0000000089300000|100%| S|CS|TAMS 0x0000000089200000, 0x0000000089200000| Complete 
| 147|0x0000000089300000, 0x0000000089400000, 0x0000000089400000|100%| S|CS|TAMS 0x0000000089300000, 0x0000000089300000| Complete 
| 148|0x0000000089400000, 0x0000000089500000, 0x0000000089500000|100%| S|CS|TAMS 0x0000000089400000, 0x0000000089400000| Complete 
| 149|0x0000000089500000, 0x0000000089600000, 0x0000000089600000|100%| S|CS|TAMS 0x0000000089500000, 0x0000000089500000| Complete 
| 150|0x0000000089600000, 0x0000000089600000, 0x0000000089700000|  0%| F|  |TAMS 0x0000000089600000, 0x0000000089600000| Untracked 
| 151|0x0000000089700000, 0x0000000089700000, 0x0000000089800000|  0%| F|  |TAMS 0x0000000089700000, 0x0000000089700000| Untracked 
| 152|0x0000000089800000, 0x0000000089800000, 0x0000000089900000|  0%| F|  |TAMS 0x0000000089800000, 0x0000000089800000| Untracked 
| 153|0x0000000089900000, 0x0000000089900000, 0x0000000089a00000|  0%| F|  |TAMS 0x0000000089900000, 0x0000000089900000| Untracked 
| 154|0x0000000089a00000, 0x0000000089a00000, 0x0000000089b00000|  0%| F|  |TAMS 0x0000000089a00000, 0x0000000089a00000| Untracked 
| 155|0x0000000089b00000, 0x0000000089b00000, 0x0000000089c00000|  0%| F|  |TAMS 0x0000000089b00000, 0x0000000089b00000| Untracked 
| 156|0x0000000089c00000, 0x0000000089c00000, 0x0000000089d00000|  0%| F|  |TAMS 0x0000000089c00000, 0x0000000089c00000| Untracked 
| 157|0x0000000089d00000, 0x0000000089d00000, 0x0000000089e00000|  0%| F|  |TAMS 0x0000000089d00000, 0x0000000089d00000| Untracked 
| 158|0x0000000089e00000, 0x0000000089e00000, 0x0000000089f00000|  0%| F|  |TAMS 0x0000000089e00000, 0x0000000089e00000| Untracked 
| 159|0x0000000089f00000, 0x0000000089f00000, 0x000000008a000000|  0%| F|  |TAMS 0x0000000089f00000, 0x0000000089f00000| Untracked 
| 160|0x000000008a000000, 0x000000008a000000, 0x000000008a100000|  0%| F|  |TAMS 0x000000008a000000, 0x000000008a000000| Untracked 
| 161|0x000000008a100000, 0x000000008a100000, 0x000000008a200000|  0%| F|  |TAMS 0x000000008a100000, 0x000000008a100000| Untracked 
| 162|0x000000008a200000, 0x000000008a200000, 0x000000008a300000|  0%| F|  |TAMS 0x000000008a200000, 0x000000008a200000| Untracked 
| 163|0x000000008a300000, 0x000000008a300000, 0x000000008a400000|  0%| F|  |TAMS 0x000000008a300000, 0x000000008a300000| Untracked 
| 164|0x000000008a400000, 0x000000008a400000, 0x000000008a500000|  0%| F|  |TAMS 0x000000008a400000, 0x000000008a400000| Untracked 
| 165|0x000000008a500000, 0x000000008a500000, 0x000000008a600000|  0%| F|  |TAMS 0x000000008a500000, 0x000000008a500000| Untracked 
| 166|0x000000008a600000, 0x000000008a600000, 0x000000008a700000|  0%| F|  |TAMS 0x000000008a600000, 0x000000008a600000| Untracked 
| 167|0x000000008a700000, 0x000000008a700000, 0x000000008a800000|  0%| F|  |TAMS 0x000000008a700000, 0x000000008a700000| Untracked 
| 168|0x000000008a800000, 0x000000008a800000, 0x000000008a900000|  0%| F|  |TAMS 0x000000008a800000, 0x000000008a800000| Untracked 
| 169|0x000000008a900000, 0x000000008a900000, 0x000000008aa00000|  0%| F|  |TAMS 0x000000008a900000, 0x000000008a900000| Untracked 
| 170|0x000000008aa00000, 0x000000008aa00000, 0x000000008ab00000|  0%| F|  |TAMS 0x000000008aa00000, 0x000000008aa00000| Untracked 
| 171|0x000000008ab00000, 0x000000008ab00000, 0x000000008ac00000|  0%| F|  |TAMS 0x000000008ab00000, 0x000000008ab00000| Untracked 
| 172|0x000000008ac00000, 0x000000008ac00000, 0x000000008ad00000|  0%| F|  |TAMS 0x000000008ac00000, 0x000000008ac00000| Untracked 
| 173|0x000000008ad00000, 0x000000008ad00000, 0x000000008ae00000|  0%| F|  |TAMS 0x000000008ad00000, 0x000000008ad00000| Untracked 
| 174|0x000000008ae00000, 0x000000008ae00000, 0x000000008af00000|  0%| F|  |TAMS 0x000000008ae00000, 0x000000008ae00000| Untracked 
| 175|0x000000008af00000, 0x000000008af00000, 0x000000008b000000|  0%| F|  |TAMS 0x000000008af00000, 0x000000008af00000| Untracked 
| 176|0x000000008b000000, 0x000000008b000000, 0x000000008b100000|  0%| F|  |TAMS 0x000000008b000000, 0x000000008b000000| Untracked 
| 177|0x000000008b100000, 0x000000008b100000, 0x000000008b200000|  0%| F|  |TAMS 0x000000008b100000, 0x000000008b100000| Untracked 
| 178|0x000000008b200000, 0x000000008b200000, 0x000000008b300000|  0%| F|  |TAMS 0x000000008b200000, 0x000000008b200000| Untracked 
| 179|0x000000008b300000, 0x000000008b300000, 0x000000008b400000|  0%| F|  |TAMS 0x000000008b300000, 0x000000008b300000| Untracked 
| 180|0x000000008b400000, 0x000000008b400000, 0x000000008b500000|  0%| F|  |TAMS 0x000000008b400000, 0x000000008b400000| Untracked 
| 181|0x000000008b500000, 0x000000008b500000, 0x000000008b600000|  0%| F|  |TAMS 0x000000008b500000, 0x000000008b500000| Untracked 
| 182|0x000000008b600000, 0x000000008b600000, 0x000000008b700000|  0%| F|  |TAMS 0x000000008b600000, 0x000000008b600000| Untracked 
| 183|0x000000008b700000, 0x000000008b700000, 0x000000008b800000|  0%| F|  |TAMS 0x000000008b700000, 0x000000008b700000| Untracked 
| 184|0x000000008b800000, 0x000000008b800000, 0x000000008b900000|  0%| F|  |TAMS 0x000000008b800000, 0x000000008b800000| Untracked 
| 185|0x000000008b900000, 0x000000008b900000, 0x000000008ba00000|  0%| F|  |TAMS 0x000000008b900000, 0x000000008b900000| Untracked 
| 186|0x000000008ba00000, 0x000000008ba00000, 0x000000008bb00000|  0%| F|  |TAMS 0x000000008ba00000, 0x000000008ba00000| Untracked 
| 187|0x000000008bb00000, 0x000000008bb00000, 0x000000008bc00000|  0%| F|  |TAMS 0x000000008bb00000, 0x000000008bb00000| Untracked 
| 188|0x000000008bc00000, 0x000000008bc00000, 0x000000008bd00000|  0%| F|  |TAMS 0x000000008bc00000, 0x000000008bc00000| Untracked 
| 189|0x000000008bd00000, 0x000000008bd00000, 0x000000008be00000|  0%| F|  |TAMS 0x000000008bd00000, 0x000000008bd00000| Untracked 
| 190|0x000000008be00000, 0x000000008be00000, 0x000000008bf00000|  0%| F|  |TAMS 0x000000008be00000, 0x000000008be00000| Untracked 
| 191|0x000000008bf00000, 0x000000008bf00000, 0x000000008c000000|  0%| F|  |TAMS 0x000000008bf00000, 0x000000008bf00000| Untracked 
| 192|0x000000008c000000, 0x000000008c100000, 0x000000008c100000|100%| E|  |TAMS 0x000000008c000000, 0x000000008c000000| Complete 
| 193|0x000000008c100000, 0x000000008c200000, 0x000000008c200000|100%| E|CS|TAMS 0x000000008c100000, 0x000000008c100000| Complete 
| 194|0x000000008c200000, 0x000000008c300000, 0x000000008c300000|100%| E|CS|TAMS 0x000000008c200000, 0x000000008c200000| Complete 
|2045|0x00000000ffd00000, 0x00000000ffe00000, 0x00000000ffe00000|100%| O|  |TAMS 0x00000000ffe00000, 0x00000000ffd00000| Untracked 
|2046|0x00000000ffe00000, 0x00000000fff00000, 0x00000000fff00000|100%| O|  |TAMS 0x00000000fff00000, 0x00000000ffe00000| Untracked 
|2047|0x00000000fff00000, 0x0000000100000000, 0x0000000100000000|100%| O|  |TAMS 0x0000000100000000, 0x00000000fff00000| Untracked 

Card table byte_map: [0x00000207e4320000,0x00000207e4720000] _byte_map_base: 0x00000207e3f20000

Marking Bits (Prev, Next): (CMBitMap*) 0x00000207d1776f00, (CMBitMap*) 0x00000207d1776f40
 Prev Bits: [0x00000207e4b20000, 0x00000207e6b20000)
 Next Bits: [0x00000207e6b20000, 0x00000207e8b20000)

Polling page: 0x00000207cf710000

Metaspace:

Usage:
  Non-class:    101.51 MB used.
      Class:     15.06 MB used.
       Both:    116.57 MB used.

Virtual space:
  Non-class space:      128.00 MB reserved,     101.81 MB ( 80%) committed,  2 nodes.
      Class space:        1.00 GB reserved,      15.31 MB (  1%) committed,  1 nodes.
             Both:        1.12 GB reserved,     117.12 MB ( 10%) committed. 

Chunk freelists:
   Non-Class:  9.94 MB
       Class:  648.00 KB
        Both:  10.57 MB

MaxMetaspaceSize: unlimited
CompressedClassSpaceSize: 1.00 GB
Initial GC threshold: 21.00 MB
Current GC threshold: 193.12 MB
CDS: off
MetaspaceReclaimPolicy: balanced
 - commit_granule_bytes: 65536.
 - commit_granule_words: 8192.
 - virtual_space_node_default_size: 8388608.
 - enlarge_chunks_in_place: 1.
 - new_chunks_are_fully_committed: 0.
 - uncommit_free_chunks: 1.
 - use_allocation_guard: 0.
 - handle_deallocations: 1.


Internal statistics:

num_allocs_failed_limit: 9.
num_arena_births: 758.
num_arena_deaths: 0.
num_vsnodes_births: 3.
num_vsnodes_deaths: 0.
num_space_committed: 1872.
num_space_uncommitted: 0.
num_chunks_returned_to_freelist: 9.
num_chunks_taken_from_freelist: 4700.
num_chunk_merges: 9.
num_chunk_splits: 3674.
num_chunks_enlarged: 3041.
num_inconsistent_stats: 0.

CodeHeap 'non-profiled nmethods': size=120000Kb used=5001Kb max_used=5001Kb free=114998Kb
 bounds [0x00000207dc6c0000, 0x00000207dcbb0000, 0x00000207e3bf0000]
CodeHeap 'profiled nmethods': size=120000Kb used=21202Kb max_used=21202Kb free=98797Kb
 bounds [0x00000207d4bf0000, 0x00000207d60b0000, 0x00000207dc120000]
CodeHeap 'non-nmethods': size=5760Kb used=1818Kb max_used=1869Kb free=3941Kb
 bounds [0x00000207dc120000, 0x00000207dc390000, 0x00000207dc6c0000]
 total_blobs=11745 nmethods=10812 adapters=843
 compilation: enabled
              stopped_count=0, restarted_count=0
 full_count=0

Compilation events (20 events):
Event: 30.146 Thread 0x00000207eb6fc3a0 11884   !   2       java.lang.invoke.DirectMethodHandle::makePreparedLambdaForm (798 bytes)
Event: 30.150 Thread 0x00000207eb6fc3a0 nmethod 11884 0x00000207d609ab90 code [0x00000207d609afe0, 0x00000207d609d168]
Event: 30.189 Thread 0x00000207eb6fc3a0 11886       2       java.lang.Character::isJavaIdentifierStart (9 bytes)
Event: 30.189 Thread 0x00000207eb6fc3a0 nmethod 11886 0x00000207d609e110 code [0x00000207d609e2c0, 0x00000207d609e3f8]
Event: 30.293 Thread 0x00000207eb6fc3a0 11887       2       jdk.internal.loader.URLClassPath$3::run (172 bytes)
Event: 30.294 Thread 0x00000207eb6fc3a0 nmethod 11887 0x00000207d609e490 code [0x00000207d609e6e0, 0x00000207d609ede8]
Event: 30.294 Thread 0x00000207eb6fc3a0 11888       2       jdk.internal.loader.URLClassPath$Loader::<init> (10 bytes)
Event: 30.295 Thread 0x00000207eb6fc3a0 nmethod 11888 0x00000207d609f210 code [0x00000207d609f3a0, 0x00000207d609f4f8]
Event: 30.307 Thread 0x00000207eb6fc3a0 11890   !   2       jdk.internal.loader.URLClassPath$JarLoader$1::run (175 bytes)
Event: 30.308 Thread 0x00000207eb6fc3a0 nmethod 11890 0x00000207d609f590 code [0x00000207d609f7a0, 0x00000207d609fc18]
Event: 30.308 Thread 0x00000207eb6fc3a0 11891       2       jdk.internal.loader.URLClassPath$JarLoader::getJarFile (102 bytes)
Event: 30.309 Thread 0x00000207eb6fc3a0 nmethod 11891 0x00000207d609ff90 code [0x00000207d60a0200, 0x00000207d60a0808]
Event: 30.309 Thread 0x00000207eb6fc3a0 11892       2       jdk.internal.loader.URLClassPath$JarLoader::isOptimizable (10 bytes)
Event: 30.309 Thread 0x00000207eb6fc3a0 nmethod 11892 0x00000207d60a0b90 code [0x00000207d60a0d20, 0x00000207d60a0e48]
Event: 30.309 Thread 0x00000207eb6fc3a0 11893       2       jdk.internal.loader.FileURLMapper::<init> (10 bytes)
Event: 30.309 Thread 0x00000207eb6fc3a0 nmethod 11893 0x00000207d60a0f10 code [0x00000207d60a10a0, 0x00000207d60a11f8]
Event: 30.309 Thread 0x00000207eb6fc3a0 11894       2       jdk.internal.loader.FileURLMapper::exists (19 bytes)
Event: 30.310 Thread 0x00000207eb6fc3a0 nmethod 11894 0x00000207d60a1290 code [0x00000207d60a1460, 0x00000207d60a16c8]
Event: 30.701 Thread 0x00000207eb6fc3a0 11896       2       sun.nio.cs.StreamDecoder::<init> (52 bytes)
Event: 30.702 Thread 0x00000207eb6fc3a0 nmethod 11896 0x00000207d60a1890 code [0x00000207d60a1a60, 0x00000207d60a1ea8]

GC Heap History (20 events):
Event: 22.727 GC heap before
{Heap before GC invocations=29 (full 0):
 garbage-first heap   total 165888K, used 135201K [0x0000000080000000, 0x0000000100000000)
  region size 1024K, 68 young (69632K), 6 survivors (6144K)
 Metaspace       used 106692K, committed 107200K, reserved 1179648K
  class space    used 13648K, committed 13888K, reserved 1048576K
}
Event: 22.735 GC heap after
{Heap after GC invocations=30 (full 0):
 garbage-first heap   total 165888K, used 77136K [0x0000000080000000, 0x0000000100000000)
  region size 1024K, 9 young (9216K), 9 survivors (9216K)
 Metaspace       used 106692K, committed 107200K, reserved 1179648K
  class space    used 13648K, committed 13888K, reserved 1048576K
}
Event: 23.648 GC heap before
{Heap before GC invocations=30 (full 0):
 garbage-first heap   total 165888K, used 131408K [0x0000000080000000, 0x0000000100000000)
  region size 1024K, 62 young (63488K), 9 survivors (9216K)
 Metaspace       used 107720K, committed 108224K, reserved 1179648K
  class space    used 13730K, committed 13952K, reserved 1048576K
}
Event: 23.658 GC heap after
{Heap after GC invocations=31 (full 0):
 garbage-first heap   total 165888K, used 80972K [0x0000000080000000, 0x0000000100000000)
  region size 1024K, 7 young (7168K), 7 survivors (7168K)
 Metaspace       used 107720K, committed 108224K, reserved 1179648K
  class space    used 13730K, committed 13952K, reserved 1048576K
}
Event: 25.160 GC heap before
{Heap before GC invocations=31 (full 0):
 garbage-first heap   total 165888K, used 132172K [0x0000000080000000, 0x0000000100000000)
  region size 1024K, 57 young (58368K), 7 survivors (7168K)
 Metaspace       used 113984K, committed 114560K, reserved 1179648K
  class space    used 14706K, committed 14976K, reserved 1048576K
}
Event: 25.167 GC heap after
{Heap after GC invocations=32 (full 0):
 garbage-first heap   total 165888K, used 83923K [0x0000000080000000, 0x0000000100000000)
  region size 1024K, 4 young (4096K), 4 survivors (4096K)
 Metaspace       used 113984K, committed 114560K, reserved 1179648K
  class space    used 14706K, committed 14976K, reserved 1048576K
}
Event: 26.858 GC heap before
{Heap before GC invocations=33 (full 0):
 garbage-first heap   total 165888K, used 134099K [0x0000000080000000, 0x0000000100000000)
  region size 1024K, 53 young (54272K), 4 survivors (4096K)
 Metaspace       used 117463K, committed 118016K, reserved 1179648K
  class space    used 15250K, committed 15488K, reserved 1048576K
}
Event: 26.867 GC heap after
{Heap after GC invocations=34 (full 0):
 garbage-first heap   total 165888K, used 89497K [0x0000000080000000, 0x0000000100000000)
  region size 1024K, 7 young (7168K), 7 survivors (7168K)
 Metaspace       used 117463K, committed 118016K, reserved 1179648K
  class space    used 15250K, committed 15488K, reserved 1048576K
}
Event: 26.877 GC heap before
{Heap before GC invocations=34 (full 0):
 garbage-first heap   total 165888K, used 89497K [0x0000000080000000, 0x0000000100000000)
  region size 1024K, 8 young (8192K), 7 survivors (7168K)
 Metaspace       used 117470K, committed 118016K, reserved 1179648K
  class space    used 15250K, committed 15488K, reserved 1048576K
}
Event: 26.884 GC heap after
{Heap after GC invocations=35 (full 0):
 garbage-first heap   total 165888K, used 85863K [0x0000000080000000, 0x0000000100000000)
  region size 1024K, 1 young (1024K), 1 survivors (1024K)
 Metaspace       used 117470K, committed 118016K, reserved 1179648K
  class space    used 15250K, committed 15488K, reserved 1048576K
}
Event: 27.588 GC heap before
{Heap before GC invocations=35 (full 0):
 garbage-first heap   total 165888K, used 138087K [0x0000000080000000, 0x0000000100000000)
  region size 1024K, 48 young (49152K), 1 survivors (1024K)
 Metaspace       used 118103K, committed 118656K, reserved 1179648K
  class space    used 15323K, committed 15552K, reserved 1048576K
}
Event: 27.597 GC heap after
{Heap after GC invocations=36 (full 0):
 garbage-first heap   total 165888K, used 95382K [0x0000000080000000, 0x0000000100000000)
  region size 1024K, 6 young (6144K), 6 survivors (6144K)
 Metaspace       used 118103K, committed 118656K, reserved 1179648K
  class space    used 15323K, committed 15552K, reserved 1048576K
}
Event: 28.009 GC heap before
{Heap before GC invocations=37 (full 0):
 garbage-first heap   total 168960K, used 135318K [0x0000000080000000, 0x0000000100000000)
  region size 1024K, 42 young (43008K), 6 survivors (6144K)
 Metaspace       used 118105K, committed 118656K, reserved 1179648K
  class space    used 15323K, committed 15552K, reserved 1048576K
}
Event: 28.022 GC heap after
{Heap after GC invocations=38 (full 0):
 garbage-first heap   total 168960K, used 102692K [0x0000000080000000, 0x0000000100000000)
  region size 1024K, 6 young (6144K), 6 survivors (6144K)
 Metaspace       used 118105K, committed 118656K, reserved 1179648K
  class space    used 15323K, committed 15552K, reserved 1048576K
}
Event: 28.033 GC heap before
{Heap before GC invocations=38 (full 0):
 garbage-first heap   total 168960K, used 104740K [0x0000000080000000, 0x0000000100000000)
  region size 1024K, 8 young (8192K), 6 survivors (6144K)
 Metaspace       used 118105K, committed 118656K, reserved 1179648K
  class space    used 15323K, committed 15552K, reserved 1048576K
}
Event: 28.041 GC heap after
{Heap after GC invocations=39 (full 0):
 garbage-first heap   total 202752K, used 93184K [0x0000000080000000, 0x0000000100000000)
  region size 1024K, 1 young (1024K), 1 survivors (1024K)
 Metaspace       used 118105K, committed 118656K, reserved 1179648K
  class space    used 15323K, committed 15552K, reserved 1048576K
}
Event: 28.736 GC heap before
{Heap before GC invocations=39 (full 0):
 garbage-first heap   total 202752K, used 163840K [0x0000000080000000, 0x0000000100000000)
  region size 1024K, 60 young (61440K), 1 survivors (1024K)
 Metaspace       used 118262K, committed 118848K, reserved 1179648K
  class space    used 15326K, committed 15616K, reserved 1048576K
}
Event: 28.744 GC heap after
{Heap after GC invocations=40 (full 0):
 garbage-first heap   total 202752K, used 112586K [0x0000000080000000, 0x0000000100000000)
  region size 1024K, 8 young (8192K), 8 survivors (8192K)
 Metaspace       used 118262K, committed 118848K, reserved 1179648K
  class space    used 15326K, committed 15616K, reserved 1048576K
}
Event: 30.598 GC heap before
{Heap before GC invocations=40 (full 0):
 garbage-first heap   total 202752K, used 162762K [0x0000000080000000, 0x0000000100000000)
  region size 1024K, 53 young (54272K), 8 survivors (8192K)
 Metaspace       used 119285K, committed 119872K, reserved 1179648K
  class space    used 15416K, committed 15680K, reserved 1048576K
}
Event: 30.609 GC heap after
{Heap after GC invocations=41 (full 0):
 garbage-first heap   total 202752K, used 122702K [0x0000000080000000, 0x0000000100000000)
  region size 1024K, 7 young (7168K), 7 survivors (7168K)
 Metaspace       used 119285K, committed 119872K, reserved 1179648K
  class space    used 15416K, committed 15680K, reserved 1048576K
}

Dll operation events (3 events):
Event: 0.022 Loaded shared library C:\Program Files\Android\Android Studio\jbr\bin\java.dll
Event: 0.212 Loaded shared library C:\Program Files\Android\Android Studio\jbr\bin\zip.dll
Event: 0.809 Loaded shared library C:\Program Files\Android\Android Studio\jbr\bin\verify.dll

Deoptimization events (20 events):
Event: 29.981 Thread 0x00000207f1679820 Uncommon trap: trap_request=0xffffff45 fr.pc=0x00000207dcabcaf4 relative=0x0000000000000714
Event: 29.981 Thread 0x00000207f1679820 Uncommon trap: reason=unstable_if action=reinterpret pc=0x00000207dcabcaf4 method=org.gradle.util.internal.SimpleMapInterner.intern(Ljava/lang/String;)Ljava/lang/String; @ 1 c2
Event: 29.981 Thread 0x00000207f1679820 DEOPT PACKING pc=0x00000207dcabcaf4 sp=0x00000075192f9220
Event: 29.981 Thread 0x00000207f1679820 DEOPT UNPACKING pc=0x00000207dc1769a3 sp=0x00000075192f91e8 mode 2
Event: 29.993 Thread 0x00000207f1679820 Uncommon trap: trap_request=0xffffffc6 fr.pc=0x00000207dc7f6dd8 relative=0x0000000000000218
Event: 29.993 Thread 0x00000207f1679820 Uncommon trap: reason=bimorphic_or_optimized_type_check action=maybe_recompile pc=0x00000207dc7f6dd8 method=com.google.common.base.CharMatcher.indexIn(Ljava/lang/CharSequence;I)I @ 31 c2
Event: 29.993 Thread 0x00000207f1679820 DEOPT PACKING pc=0x00000207dc7f6dd8 sp=0x00000075192f9590
Event: 29.993 Thread 0x00000207f1679820 DEOPT UNPACKING pc=0x00000207dc1769a3 sp=0x00000075192f9538 mode 2
Event: 30.007 Thread 0x00000207f1679820 Uncommon trap: trap_request=0xffffff45 fr.pc=0x00000207dc89cac0 relative=0x00000000000017e0
Event: 30.007 Thread 0x00000207f1679820 Uncommon trap: reason=unstable_if action=reinterpret pc=0x00000207dc89cac0 method=java.util.zip.ZipFile.getInputStream(Ljava/util/zip/ZipEntry;)Ljava/io/InputStream; @ 101 c2
Event: 30.007 Thread 0x00000207f1679820 DEOPT PACKING pc=0x00000207dc89cac0 sp=0x00000075192f8e00
Event: 30.007 Thread 0x00000207f1679820 DEOPT UNPACKING pc=0x00000207dc1769a3 sp=0x00000075192f8db8 mode 2
Event: 30.096 Thread 0x00000207f1679820 Uncommon trap: trap_request=0xffffffc6 fr.pc=0x00000207dcad3b6c relative=0x00000000000001ac
Event: 30.096 Thread 0x00000207f1679820 Uncommon trap: reason=bimorphic_or_optimized_type_check action=maybe_recompile pc=0x00000207dcad3b6c method=com.google.common.collect.ImmutableList.copyOf(Ljava/util/Collection;)Lcom/google/common/collect/ImmutableList; @ 16 c2
Event: 30.096 Thread 0x00000207f1679820 DEOPT PACKING pc=0x00000207dcad3b6c sp=0x00000075192f8a50
Event: 30.096 Thread 0x00000207f1679820 DEOPT UNPACKING pc=0x00000207dc1769a3 sp=0x00000075192f89f8 mode 2
Event: 30.097 Thread 0x00000207f1679820 Uncommon trap: trap_request=0xffffffc6 fr.pc=0x00000207dcad3b6c relative=0x00000000000001ac
Event: 30.097 Thread 0x00000207f1679820 Uncommon trap: reason=bimorphic_or_optimized_type_check action=maybe_recompile pc=0x00000207dcad3b6c method=com.google.common.collect.ImmutableList.copyOf(Ljava/util/Collection;)Lcom/google/common/collect/ImmutableList; @ 16 c2
Event: 30.097 Thread 0x00000207f1679820 DEOPT PACKING pc=0x00000207dcad3b6c sp=0x00000075192f8360
Event: 30.097 Thread 0x00000207f1679820 DEOPT UNPACKING pc=0x00000207dc1769a3 sp=0x00000075192f8308 mode 2

Classes unloaded (0 events):
No events

Classes redefined (0 events):
No events

Internal exceptions (20 events):
Event: 27.130 Thread 0x00000207f1679820 Exception <a 'java/lang/NoSuchMethodError'{0x00000000887fecb0}: 'long java.lang.invoke.DirectMethodHandle$Holder.invokeVirtual(java.lang.Object, java.lang.Object)'> (0x00000000887fecb0) 
thrown [s\src\hotspot\share\interpreter\linkResolver.cpp, line 771]
Event: 27.137 Thread 0x00000207f167a750 Exception <a 'java/lang/NoSuchMethodError'{0x0000000088689d58}: static Lorg/gradle/internal/build/event/types/DefaultOperationFinishedProgressEvent;.<clinit>()V> (0x0000000088689d58) 
thrown [s\src\hotspot\share\prims\jni.cpp, line 1108]
Event: 27.142 Thread 0x00000207f167a750 Exception <a 'java/lang/NoSuchMethodError'{0x00000000886b4648}: static Lorg/gradle/internal/build/event/types/DefaultProjectConfigurationSuccessResult;.<clinit>()V> (0x00000000886b4648) 
thrown [s\src\hotspot\share\prims\jni.cpp, line 1108]
Event: 27.143 Thread 0x00000207f167a750 Exception <a 'java/lang/NoSuchMethodError'{0x00000000886b9028}: static Lorg/gradle/internal/build/event/types/AbstractProjectConfigurationResult;.<clinit>()V> (0x00000000886b9028) 
thrown [s\src\hotspot\share\prims\jni.cpp, line 1108]
Event: 27.143 Thread 0x00000207f167a750 Exception <a 'java/lang/NoSuchMethodError'{0x00000000886ba770}: static Lorg/gradle/internal/build/event/types/AbstractOperationResult;.<clinit>()V> (0x00000000886ba770) 
thrown [s\src\hotspot\share\prims\jni.cpp, line 1108]
Event: 27.143 Thread 0x00000207f167a750 Exception <a 'java/lang/NoSuchMethodError'{0x00000000886bbbc0}: static Lorg/gradle/internal/build/event/types/AbstractResult;.<clinit>()V> (0x00000000886bbbc0) 
thrown [s\src\hotspot\share\prims\jni.cpp, line 1108]
Event: 27.146 Thread 0x00000207f167a750 Exception <a 'java/lang/NoSuchMethodError'{0x00000000886d4ae8}: static Lorg/gradle/internal/build/event/types/DefaultPluginApplicationResult;.<clinit>()V> (0x00000000886d4ae8) 
thrown [s\src\hotspot\share\prims\jni.cpp, line 1108]
Event: 27.147 Thread 0x00000207f167a750 Exception <a 'java/lang/NoSuchMethodError'{0x00000000886e14d8}: static Lorg/gradle/internal/build/event/types/DefaultBinaryPluginIdentifier;.<clinit>()V> (0x00000000886e14d8) 
thrown [s\src\hotspot\share\prims\jni.cpp, line 1108]
Event: 27.151 Thread 0x00000207f167a750 Exception <a 'java/lang/NoSuchMethodError'{0x00000000886fb5a0}: static Lorg/gradle/internal/build/event/types/DefaultScriptPluginIdentifier;.<clinit>()V> (0x00000000886fb5a0) 
thrown [s\src\hotspot\share\prims\jni.cpp, line 1108]
Event: 27.311 Thread 0x00000207f1679820 Exception <a 'sun/nio/fs/WindowsException'{0x0000000087f76a68}> (0x0000000087f76a68) 
thrown [s\src\hotspot\share\prims\jni.cpp, line 517]
Event: 27.311 Thread 0x00000207f1679820 Exception <a 'sun/nio/fs/WindowsException'{0x0000000087f78820}> (0x0000000087f78820) 
thrown [s\src\hotspot\share\prims\jni.cpp, line 517]
Event: 28.583 Thread 0x00000207f1679820 Exception <a 'java/lang/NoSuchMethodError'{0x000000008a011c08}: 'int java.lang.invoke.DirectMethodHandle$Holder.invokeSpecial(java.lang.Object, java.lang.Object, int, int)'> (0x000000008a011c08) 
thrown [s\src\hotspot\share\interpreter\linkResolver.cpp, line 771]
Event: 29.959 Thread 0x00000207fc84e930 Exception <a 'sun/nio/fs/WindowsException'{0x0000000089fe0770}> (0x0000000089fe0770) 
thrown [s\src\hotspot\share\prims\jni.cpp, line 517]
Event: 29.960 Thread 0x00000207fc84e930 Exception <a 'sun/nio/fs/WindowsException'{0x0000000089fe0de8}> (0x0000000089fe0de8) 
thrown [s\src\hotspot\share\prims\jni.cpp, line 517]
Event: 29.967 Thread 0x00000207fc84e930 Exception <a 'sun/nio/fs/WindowsException'{0x0000000089e22918}> (0x0000000089e22918) 
thrown [s\src\hotspot\share\prims\jni.cpp, line 517]
Event: 29.969 Thread 0x00000207fc84e930 Exception <a 'sun/nio/fs/WindowsException'{0x0000000089e22a90}> (0x0000000089e22a90) 
thrown [s\src\hotspot\share\prims\jni.cpp, line 517]
Event: 29.981 Thread 0x00000207f1679820 Implicit null exception at 0x00000207dcab7b12 to 0x00000207dcab81fc
Event: 29.981 Thread 0x00000207f1679820 Implicit null exception at 0x00000207dcabc414 to 0x00000207dcabcadc
Event: 30.107 Thread 0x00000207f1679820 Exception <a 'java/lang/NoSuchMethodError'{0x0000000089c28aa8}: 'void java.lang.invoke.Invokers$Holder.invoke_MT(java.lang.Object, java.lang.Object, java.lang.Object, java.lang.Object)'> (0x0000000089c28aa8) 
thrown [s\src\hotspot\share\interpreter\linkResolver.cpp, line 771]
Event: 30.146 Thread 0x00000207f1679820 Exception <a 'java/lang/NoSuchMethodError'{0x0000000089c71c08}: 'java.lang.Object java.lang.invoke.DirectMethodHandle$Holder.invokeSpecial(java.lang.Object, java.lang.Object, java.lang.Object, int, java.lang.Object, java.lang.Object)'> (0x0000000089c71c08) 
thrown [s\src\hotspot\share\interpreter\linkResolver.cpp, line 771]

VM Operations (20 events):
Event: 27.210 Executing VM operation: ICBufferFull
Event: 27.210 Executing VM operation: ICBufferFull done
Event: 27.588 Executing VM operation: G1CollectForAllocation
Event: 27.599 Executing VM operation: G1CollectForAllocation done
Event: 27.670 Executing VM operation: G1PauseRemark
Event: 27.678 Executing VM operation: G1PauseRemark done
Event: 27.710 Executing VM operation: G1PauseCleanup
Event: 27.710 Executing VM operation: G1PauseCleanup done
Event: 28.009 Executing VM operation: G1CollectForAllocation
Event: 28.022 Executing VM operation: G1CollectForAllocation done
Event: 28.033 Executing VM operation: G1CollectForAllocation
Event: 28.041 Executing VM operation: G1CollectForAllocation done
Event: 28.736 Executing VM operation: G1CollectForAllocation
Event: 28.744 Executing VM operation: G1CollectForAllocation done
Event: 29.612 Executing VM operation: ICBufferFull
Event: 29.613 Executing VM operation: ICBufferFull done
Event: 29.988 Executing VM operation: ICBufferFull
Event: 29.988 Executing VM operation: ICBufferFull done
Event: 30.598 Executing VM operation: G1CollectForAllocation
Event: 30.609 Executing VM operation: G1CollectForAllocation done

Events (20 events):
Event: 25.733 loading class sun/reflect/ReflectionFactory$1 done
Event: 25.997 loading class java/util/LinkedList$LLSpliterator
Event: 25.998 loading class java/util/LinkedList$LLSpliterator done
Event: 26.452 loading class java/util/Collections$ReverseComparator
Event: 26.453 loading class java/util/Collections$ReverseComparator done
Event: 26.453 loading class java/util/Collections$ReverseComparator2
Event: 26.453 loading class java/util/Collections$ReverseComparator2 done
Event: 26.681 Thread 0x00000207fc84e420 Thread added: 0x00000207fc84e420
Event: 26.681 Thread 0x00000207fc853520 Thread added: 0x00000207fc853520
Event: 26.681 Thread 0x00000207fc852b00 Thread added: 0x00000207fc852b00
Event: 26.682 Thread 0x00000207fc84d4f0 Thread added: 0x00000207fc84d4f0
Event: 26.682 Thread 0x00000207fc853010 Thread added: 0x00000207fc853010
Event: 26.683 Thread 0x00000207fc84cfe0 Thread added: 0x00000207fc84cfe0
Event: 26.683 Thread 0x00000207fc84ee40 Thread added: 0x00000207fc84ee40
Event: 27.132 loading class java/util/stream/SortedOps$RefSortingSink
Event: 27.133 loading class java/util/stream/SortedOps$RefSortingSink done
Event: 27.149 loading class java/time/Ser
Event: 27.150 loading class java/time/Ser done
Event: 29.929 Thread 0x00000207fc850280 Thread added: 0x00000207fc850280
Event: 29.930 Thread 0x00000207fc84e930 Thread added: 0x00000207fc84e930


Dynamic libraries:
0x00007ff680c20000 - 0x00007ff680c2a000 	C:\Program Files\Android\Android Studio\jbr\bin\java.exe
0x00007ff95bb10000 - 0x00007ff95bd27000 	C:\WINDOWS\SYSTEM32\ntdll.dll
0x00007ff95b420000 - 0x00007ff95b4e4000 	C:\WINDOWS\System32\KERNEL32.DLL
0x00007ff959140000 - 0x00007ff9594ec000 	C:\WINDOWS\System32\KERNELBASE.dll
0x00007ff959700000 - 0x00007ff959811000 	C:\WINDOWS\System32\ucrtbase.dll
0x00007ff949910000 - 0x00007ff949927000 	C:\Program Files\Android\Android Studio\jbr\bin\jli.dll
0x00007ff95b5a0000 - 0x00007ff95b74e000 	C:\WINDOWS\System32\USER32.dll
0x00007ff959820000 - 0x00007ff959846000 	C:\WINDOWS\System32\win32u.dll
0x00007ff95b550000 - 0x00007ff95b579000 	C:\WINDOWS\System32\GDI32.dll
0x00007ff959520000 - 0x00007ff959639000 	C:\WINDOWS\System32\gdi32full.dll
0x00007ff958ec0000 - 0x00007ff958f5a000 	C:\WINDOWS\System32\msvcp_win.dll
0x00007ff9471d0000 - 0x00007ff9471eb000 	C:\Program Files\Android\Android Studio\jbr\bin\VCRUNTIME140.dll
0x00007ff93ec20000 - 0x00007ff93eeb3000 	C:\WINDOWS\WinSxS\amd64_microsoft.windows.common-controls_6595b64144ccf1df_6.0.22621.3672_none_2713b9d173822955\COMCTL32.dll
0x00007ff95ba20000 - 0x00007ff95bac7000 	C:\WINDOWS\System32\msvcrt.dll
0x00007ff95b850000 - 0x00007ff95b881000 	C:\WINDOWS\System32\IMM32.DLL
0x00007ff946dd0000 - 0x00007ff946ddc000 	C:\Program Files\Android\Android Studio\jbr\bin\vcruntime140_1.dll
0x00007ff9286d0000 - 0x00007ff92875d000 	C:\Program Files\Android\Android Studio\jbr\bin\msvcp140.dll
0x00007ff8d1800000 - 0x00007ff8d2483000 	C:\Program Files\Android\Android Studio\jbr\bin\server\jvm.dll
0x00007ff95a060000 - 0x00007ff95a112000 	C:\WINDOWS\System32\ADVAPI32.dll
0x00007ff95b890000 - 0x00007ff95b938000 	C:\WINDOWS\System32\sechost.dll
0x00007ff9594f0000 - 0x00007ff959518000 	C:\WINDOWS\System32\bcrypt.dll
0x00007ff959850000 - 0x00007ff959965000 	C:\WINDOWS\System32\RPCRT4.dll
0x00007ff958d00000 - 0x00007ff958d4d000 	C:\WINDOWS\SYSTEM32\POWRPROF.dll
0x00007ff948170000 - 0x00007ff948179000 	C:\WINDOWS\SYSTEM32\WSOCK32.dll
0x00007ff952b30000 - 0x00007ff952b64000 	C:\WINDOWS\SYSTEM32\WINMM.dll
0x00007ff95aec0000 - 0x00007ff95af31000 	C:\WINDOWS\System32\WS2_32.dll
0x00007ff94f750000 - 0x00007ff94f75a000 	C:\WINDOWS\SYSTEM32\VERSION.dll
0x00007ff958ce0000 - 0x00007ff958cf3000 	C:\WINDOWS\SYSTEM32\UMPDC.dll
0x00007ff957e70000 - 0x00007ff957e88000 	C:\WINDOWS\SYSTEM32\kernel.appcore.dll
0x00007ff9547a0000 - 0x00007ff9547aa000 	C:\Program Files\Android\Android Studio\jbr\bin\jimage.dll
0x00007ff951540000 - 0x00007ff951772000 	C:\WINDOWS\SYSTEM32\DBGHELP.DLL
0x00007ff959970000 - 0x00007ff959cf8000 	C:\WINDOWS\System32\combase.dll
0x00007ff95b940000 - 0x00007ff95ba17000 	C:\WINDOWS\System32\OLEAUT32.dll
0x00007ff935990000 - 0x00007ff9359c2000 	C:\WINDOWS\SYSTEM32\dbgcore.DLL
0x00007ff958e40000 - 0x00007ff958ebb000 	C:\WINDOWS\System32\bcryptPrimitives.dll
0x00007ff9499b0000 - 0x00007ff9499be000 	C:\Program Files\Android\Android Studio\jbr\bin\instrument.dll
0x00007ff949e80000 - 0x00007ff949ea5000 	C:\Program Files\Android\Android Studio\jbr\bin\java.dll
0x00007ff949c80000 - 0x00007ff949c98000 	C:\Program Files\Android\Android Studio\jbr\bin\zip.dll
0x00007ff95a540000 - 0x00007ff95ad9c000 	C:\WINDOWS\System32\SHELL32.dll
0x00007ff956d90000 - 0x00007ff957687000 	C:\WINDOWS\SYSTEM32\windows.storage.dll
0x00007ff956c50000 - 0x00007ff956d8f000 	C:\WINDOWS\SYSTEM32\wintypes.dll
0x00007ff959f60000 - 0x00007ff95a054000 	C:\WINDOWS\System32\SHCORE.dll
0x00007ff95b3c0000 - 0x00007ff95b41e000 	C:\WINDOWS\System32\shlwapi.dll
0x00007ff958d70000 - 0x00007ff958d91000 	C:\WINDOWS\SYSTEM32\profapi.dll
0x00007ff949c60000 - 0x00007ff949c79000 	C:\Program Files\Android\Android Studio\jbr\bin\net.dll
0x00007ff9530b0000 - 0x00007ff9531e6000 	C:\WINDOWS\SYSTEM32\WINHTTP.dll
0x00007ff9582e0000 - 0x00007ff958349000 	C:\WINDOWS\system32\mswsock.dll
0x00007ff949c40000 - 0x00007ff949c56000 	C:\Program Files\Android\Android Studio\jbr\bin\nio.dll
0x00007ff94a530000 - 0x00007ff94a540000 	C:\Program Files\Android\Android Studio\jbr\bin\verify.dll
0x00007ff9493a0000 - 0x00007ff9493c7000 	C:\Users\DELL\gradle-8.7\native\c067742578af261105cb4f569cf0c3c89f3d7b1fecec35dd04571415982c5e48\windows-amd64\native-platform.dll
0x00007ff91a2c0000 - 0x00007ff91a404000 	C:\Users\DELL\gradle-8.7\native\38dada09dfb8b06ba9b0570ebf7e218e3eb74d4ef43ca46872605cf95ebc2f47\windows-amd64\native-platform-file-events.dll
0x00007ff94a120000 - 0x00007ff94a129000 	C:\Program Files\Android\Android Studio\jbr\bin\management.dll
0x00007ff949a40000 - 0x00007ff949a4b000 	C:\Program Files\Android\Android Studio\jbr\bin\management_ext.dll
0x00007ff95a530000 - 0x00007ff95a538000 	C:\WINDOWS\System32\PSAPI.DLL
0x00007ff958540000 - 0x00007ff95855b000 	C:\WINDOWS\SYSTEM32\CRYPTSP.dll
0x00007ff957dd0000 - 0x00007ff957e05000 	C:\WINDOWS\system32\rsaenh.dll
0x00007ff9583e0000 - 0x00007ff958408000 	C:\WINDOWS\SYSTEM32\USERENV.dll
0x00007ff958560000 - 0x00007ff95856c000 	C:\WINDOWS\SYSTEM32\CRYPTBASE.dll
0x00007ff9578f0000 - 0x00007ff95791d000 	C:\WINDOWS\SYSTEM32\IPHLPAPI.DLL
0x00007ff95ae40000 - 0x00007ff95ae49000 	C:\WINDOWS\System32\NSI.dll
0x00007ff9533f0000 - 0x00007ff953409000 	C:\WINDOWS\SYSTEM32\dhcpcsvc6.DLL
0x00007ff953050000 - 0x00007ff95306f000 	C:\WINDOWS\SYSTEM32\dhcpcsvc.DLL
0x00007ff957960000 - 0x00007ff957a58000 	C:\WINDOWS\SYSTEM32\DNSAPI.dll
0x00007ff94a410000 - 0x00007ff94a419000 	C:\Program Files\Android\Android Studio\jbr\bin\extnet.dll
0x00007ff953ba0000 - 0x00007ff953ba8000 	C:\WINDOWS\system32\wshunix.dll

dbghelp: loaded successfully - version: 4.0.5 - missing functions: none
symbol engine: initialized successfully - sym options: 0x614 - pdb path: .;C:\Program Files\Android\Android Studio\jbr\bin;C:\WINDOWS\SYSTEM32;C:\WINDOWS\WinSxS\amd64_microsoft.windows.common-controls_6595b64144ccf1df_6.0.22621.3672_none_2713b9d173822955;C:\Program Files\Android\Android Studio\jbr\bin\server;C:\Users\DELL\gradle-8.7\native\c067742578af261105cb4f569cf0c3c89f3d7b1fecec35dd04571415982c5e48\windows-amd64;C:\Users\DELL\gradle-8.7\native\38dada09dfb8b06ba9b0570ebf7e218e3eb74d4ef43ca46872605cf95ebc2f47\windows-amd64

VM Arguments:
jvm_args: --add-opens=java.base/java.util=ALL-UNNAMED --add-opens=java.base/java.lang=ALL-UNNAMED --add-opens=java.base/java.lang.invoke=ALL-UNNAMED --add-opens=java.prefs/java.util.prefs=ALL-UNNAMED --add-opens=java.base/java.nio.charset=ALL-UNNAMED --add-opens=java.base/java.net=ALL-UNNAMED --add-opens=java.base/java.util.concurrent.atomic=ALL-UNNAMED -Xmx2048m -Dfile.encoding=UTF-8 -Duser.country=US -Duser.language=en -Duser.variant -javaagent:C:\Users\DELL\gradle-8.7\wrapper\dists\gradle-8.6-bin\afr5mpiioh2wthjmwnkmdsd5w\gradle-8.6\lib\agents\gradle-instrumentation-agent-8.6.jar 
java_command: org.gradle.launcher.daemon.bootstrap.GradleDaemon 8.6
java_class_path (initial): C:\Users\DELL\gradle-8.7\wrapper\dists\gradle-8.6-bin\afr5mpiioh2wthjmwnkmdsd5w\gradle-8.6\lib\gradle-launcher-8.6.jar
Launcher Type: SUN_STANDARD

[Global flags]
     intx CICompilerCount                          = 4                                         {product} {ergonomic}
     uint ConcGCThreads                            = 2                                         {product} {ergonomic}
     uint G1ConcRefinementThreads                  = 8                                         {product} {ergonomic}
   size_t G1HeapRegionSize                         = 1048576                                   {product} {ergonomic}
    uintx GCDrainStackTargetSize                   = 64                                        {product} {ergonomic}
   size_t InitialHeapSize                          = 100663296                                 {product} {ergonomic}
   size_t MarkStackSize                            = 4194304                                   {product} {ergonomic}
   size_t MaxHeapSize                              = 2147483648                                {product} {command line}
   size_t MaxNewSize                               = 1287651328                                {product} {ergonomic}
   size_t MinHeapDeltaBytes                        = 1048576                                   {product} {ergonomic}
   size_t MinHeapSize                              = 8388608                                   {product} {ergonomic}
    uintx NonNMethodCodeHeapSize                   = 5839372                                {pd product} {ergonomic}
    uintx NonProfiledCodeHeapSize                  = 122909434                              {pd product} {ergonomic}
    uintx ProfiledCodeHeapSize                     = 122909434                              {pd product} {ergonomic}
    uintx ReservedCodeCacheSize                    = 251658240                              {pd product} {ergonomic}
     bool SegmentedCodeCache                       = true                                      {product} {ergonomic}
   size_t SoftMaxHeapSize                          = 2147483648                             {manageable} {ergonomic}
     bool UseCompressedClassPointers               = true                           {product lp64_product} {ergonomic}
     bool UseCompressedOops                        = true                           {product lp64_product} {ergonomic}
     bool UseG1GC                                  = true                                      {product} {ergonomic}
     bool UseLargePagesIndividualAllocation        = false                                  {pd product} {ergonomic}

Logging:
Log output configuration:
 #0: stdout all=warning uptime,level,tags
 #1: stderr all=off uptime,level,tags

Environment Variables:
PATH=C:\WINDOWS\system32;C:\WINDOWS;C:\WINDOWS\System32\Wbem;C:\WINDOWS\System32\WindowsPowerShell\v1.0\;C:\WINDOWS\System32\OpenSSH\;C:\Program Files\dotnet\;C:\WINDOWS\system32;C:\WINDOWS;C:\WINDOWS\System32\Wbem;C:\WINDOWS\System32\WindowsPowerShell\v1.0\;C:\WINDOWS\System32\OpenSSH\;C:\Program Files\MySQL\MySQL Server 8.0\bin;C:\Program Files\nodejs\;C:\Program Files\Git\cmd;C:\Users\DELL\AppData\Local\Microsoft\WindowsApps;C:\MinGW\bin;C:\Users\DELL\.dotnet\tools;C:\Users\DELL\AppData\Local\Programs\Microsoft VS Code\bin;C:\kotlin-compiler-1.9.24\kotlinc\bin;C:\Users\DELL\gradle-8.7\bin;C:\Users\DELL\platform-tools-latest-windows\platform-tools;C:\Users\DELL\Oracle_JDK-22\bin;C:\Users\DELL\AppData\Roaming\npm;C:\Users\DELL\node-v20.14.0-x64.msi;
USERNAME=DELL
OS=Windows_NT
PROCESSOR_IDENTIFIER=AMD64 Family 23 Model 24 Stepping 1, AuthenticAMD
TMP=C:\Users\DELL\AppData\Local\Temp
TEMP=C:\Users\DELL\AppData\Local\Temp



Periodic native trim disabled

JNI global refs:
JNI global refs: 26, weak refs: 17

JNI global refs memory usage: 843, weak refs: 841

OOME stack traces (most recent first):
Classloader memory used:
Loader org.gradle.internal.classloader.VisitableURLClassLoader                         : 11124K
Loader bootstrap                                                                       : 2521K
Loader org.gradle.initialization.MixInLegacyTypesClassLoader                           : 1094K
Loader jdk.internal.loader.ClassLoaders$PlatformClassLoader                            : 65605B
Loader jdk.internal.jrtfs.JrtFileSystemProvider$JrtFsLoader                            : 42248B
Loader jdk.internal.loader.ClassLoaders$AppClassLoader                                 : 28730B
Loader jdk.internal.reflect.DelegatingClassLoader                                      : 22725B
Loader org.gradle.internal.classloader.VisitableURLClassLoader$InstrumentingVisitableURLClassLoader: 22546B
Loader org.gradle.internal.classloader.VisitableURLClassLoader                         : 9522B

Classes loaded by more than one classloader:
Class Program                                                                         : loaded 4 times (x 72B)
Class org.gradle.internal.classpath.ClassPath                                         : loaded 2 times (x 68B)
Class org.gradle.api.internal.classpath.DefaultModuleRegistry                         : loaded 2 times (x 84B)
Class Settings_gradle$1$1                                                             : loaded 2 times (x 72B)
Class com.google.common.base.CharMatcher$JavaDigit                                    : loaded 2 times (x 109B)
Class com.google.common.base.CharMatcher$Digit                                        : loaded 2 times (x 110B)
Class jdk.internal.jimage.BasicImageReader$1                                          : loaded 2 times (x 75B)
Class org.gradle.api.Action                                                           : loaded 2 times (x 68B)
Class com.google.common.base.CharMatcher                                              : loaded 2 times (x 109B)
Class jdk.internal.jimage.ImageBufferCache$1                                          : loaded 2 times (x 78B)
Class jdk.internal.jimage.ImageBufferCache$2                                          : loaded 2 times (x 89B)
Class com.google.common.base.Splitter                                                 : loaded 2 times (x 70B)
Class org.gradle.api.internal.DefaultClassPathProvider                                : loaded 2 times (x 74B)
Class org.gradle.internal.installation.GradleInstallation$1                           : loaded 2 times (x 73B)
Class jdk.internal.jrtfs.SystemImage$1                                                : loaded 2 times (x 76B)
Class jdk.internal.jrtfs.SystemImage$2                                                : loaded 2 times (x 74B)
Class com.google.common.base.Predicate                                                : loaded 2 times (x 68B)
Class org.gradle.internal.classloader.FilteringClassLoader                            : loaded 2 times (x 103B)
Class jdk.internal.jimage.ImageReader$Resource                                        : loaded 2 times (x 82B)
Class jdk.internal.jrtfs.SystemImage                                                  : loaded 2 times (x 72B)
Class org.gradle.internal.classpath.DefaultClassPath$ImmutableUniqueList$Builder      : loaded 2 times (x 73B)
Class jdk.internal.jrtfs.JrtDirectoryStream$1                                         : loaded 2 times (x 81B)
Class org.gradle.internal.classloader.ClassLoaderVisitor                              : loaded 2 times (x 74B)
Class org.gradle.internal.service.DefaultServiceLocator                               : loaded 2 times (x 81B)
Class org.gradle.internal.service.UnknownServiceException                             : loaded 2 times (x 81B)
Class org.gradle.internal.classloader.DefaultClassLoaderFactory                       : loaded 2 times (x 80B)
Class jdk.internal.jimage.ImageReader$SharedImageReader                               : loaded 2 times (x 93B)
Class com.google.common.base.JdkPattern                                               : loaded 2 times (x 73B)
Class jdk.internal.jimage.decompressor.ZipDecompressorFactory                         : loaded 2 times (x 72B)
Class org.gradle.internal.classloader.VisitableURLClassLoader$Spec                    : loaded 2 times (x 72B)
Class org.gradle.api.GradleException                                                  : loaded 2 times (x 80B)
Class com.google.common.base.CharMatcher$JavaLetterOrDigit                            : loaded 2 times (x 109B)
Class org.gradle.api.internal.classpath.ModuleRegistry                                : loaded 2 times (x 68B)
Class org.gradle.api.internal.ClassPathProvider                                       : loaded 2 times (x 68B)
Class org.gradle.internal.classloader.ClasspathUtil$1                                 : loaded 2 times (x 74B)
Class org.gradle.internal.classloader.ClassLoaderFactory                              : loaded 2 times (x 68B)
Class jdk.internal.jimage.ImageHeader                                                 : loaded 2 times (x 69B)
Class org.gradle.api.internal.classpath.ManifestUtil                                  : loaded 2 times (x 69B)
Class org.gradle.api.specs.Spec                                                       : loaded 2 times (x 68B)
Class org.gradle.internal.IoActions                                                   : loaded 2 times (x 69B)
Class jdk.internal.jimage.decompressor.StringSharingDecompressorFactory               : loaded 2 times (x 72B)
Class org.gradle.api.internal.classpath.EffectiveClassPath                            : loaded 2 times (x 88B)
Class com.google.common.base.Splitter$Strategy                                        : loaded 2 times (x 68B)
Class org.gradle.internal.installation.CurrentGradleInstallation                      : loaded 2 times (x 71B)
Class org.gradle.internal.agents.InstrumentingClassLoader                             : loaded 2 times (x 68B)
Class org.gradle.internal.installation.CurrentGradleInstallationLocator               : loaded 2 times (x 69B)
Class org.gradle.api.internal.classpath.Module                                        : loaded 2 times (x 68B)
Class org.gradle.internal.service.CachingServiceLocator                               : loaded 2 times (x 80B)
Class org.gradle.internal.classpath.DefaultClassPath                                  : loaded 2 times (x 88B)
Class jdk.internal.jimage.BasicImageReader                                            : loaded 2 times (x 93B)
Class Build_gradle$1                                                                  : loaded 2 times (x 76B)
Class jdk.internal.jimage.ImageLocation                                               : loaded 2 times (x 88B)
Class jdk.internal.jimage.ImageReader$Node                                            : loaded 2 times (x 82B)
Class com.google.common.base.CharMatcher$Is                                           : loaded 2 times (x 109B)
Class jdk.internal.jimage.decompressor.CompressedResourceHeader                       : loaded 2 times (x 69B)
Class jdk.internal.jrtfs.JrtPath                                                      : loaded 2 times (x 116B)
Class jdk.internal.jimage.ImageStrings                                                : loaded 2 times (x 68B)
Class jdk.internal.jrtfs.JrtFileAttributes                                            : loaded 2 times (x 81B)
Class org.gradle.internal.classloader.SystemClassLoaderSpec                           : loaded 2 times (x 69B)
Class jdk.internal.jimage.decompressor.ResourceDecompressorRepository                 : loaded 2 times (x 69B)
Class com.google.common.base.CharMatcher$Ascii                                        : loaded 2 times (x 110B)
Class org.gradle.api.UncheckedIOException                                             : loaded 2 times (x 80B)
Class jdk.internal.jimage.decompressor.ResourceDecompressor$StringsProvider           : loaded 2 times (x 68B)
Class org.gradle.internal.installation.GradleInstallation                             : loaded 2 times (x 73B)
Class jdk.internal.jimage.decompressor.Decompressor                                   : loaded 2 times (x 70B)
Class jdk.internal.jrtfs.JrtFileSystem                                                : loaded 2 times (x 100B)
Class com.google.common.base.CharMatcher$RangesMatcher                                : loaded 2 times (x 110B)
Class jdk.internal.jrtfs.JrtFileSystemProvider                                        : loaded 2 times (x 97B)
Class org.gradle.internal.classloader.ClasspathUtil                                   : loaded 2 times (x 69B)
Class jdk.internal.jrtfs.JrtDirectoryStream                                           : loaded 2 times (x 87B)
Class jdk.internal.jimage.decompressor.ResourceDecompressor                           : loaded 2 times (x 68B)
Class org.gradle.api.internal.DefaultClassPathRegistry                                : loaded 2 times (x 74B)
Class org.gradle.api.internal.classpath.DefaultModuleRegistry$DefaultModule           : loaded 2 times (x 84B)
Class org.gradle.kotlin.dsl.VersionCatalogAccessorsKt                                 : loaded 2 times (x 69B)
Class com.google.common.base.CharMatcher$JavaLowerCase                                : loaded 2 times (x 109B)
Class org.gradle.api.internal.classpath.UnknownModuleException                        : loaded 2 times (x 80B)
Class com.google.common.base.CommonPattern                                            : loaded 2 times (x 72B)
Class org.gradle.internal.service.ServiceLookupException                              : loaded 2 times (x 80B)
Class jdk.internal.jimage.ImageStringsReader                                          : loaded 2 times (x 78B)
Class org.gradle.cache.GlobalCache                                                    : loaded 2 times (x 68B)
Class jdk.internal.jimage.decompressor.ResourceDecompressorFactory                    : loaded 2 times (x 72B)
Class [Lorg.gradle.api.internal.ClassPathProvider;                                    : loaded 2 times (x 67B)
Class jdk.internal.jimage.ImageReader$SharedImageReader$LocationVisitor               : loaded 2 times (x 68B)
Class org.gradle.util.internal.GUtil                                                  : loaded 2 times (x 69B)
Class jdk.internal.jimage.decompressor.ZipDecompressor                                : loaded 2 times (x 73B)
Class org.gradle.internal.classloader.ClassLoaderSpec                                 : loaded 2 times (x 69B)
Class com.google.common.base.CharMatcher$Negated                                      : loaded 2 times (x 111B)
Class org.gradle.internal.classloader.VisitableURLClassLoader                         : loaded 2 times (x 115B)
Class org.gradle.internal.Cast                                                        : loaded 2 times (x 69B)
Class Build_gradle                                                                    : loaded 2 times (x 70B)
Class org.gradle.api.internal.ClassPathRegistry                                       : loaded 2 times (x 68B)
Class org.gradle.internal.classloader.VisitableURLClassLoader$InstrumentingVisitableURLClassLoader: loaded 2 times (x 121B)
Class org.gradle.internal.classloader.ClassLoaderHierarchy                            : loaded 2 times (x 68B)
Class jdk.internal.jimage.ImageReader                                                 : loaded 2 times (x 73B)
Class com.google.common.base.CharMatcher$NamedFastMatcher                             : loaded 2 times (x 110B)
Class org.gradle.internal.InternalTransformer                                         : loaded 2 times (x 68B)
Class org.gradle.internal.service.ServiceLocator                                      : loaded 2 times (x 68B)
Class Settings_gradle$1                                                               : loaded 2 times (x 72B)
Class com.google.common.base.CharMatcher$FastMatcher                                  : loaded 2 times (x 109B)
Class org.gradle.internal.classpath.DefaultClassPath$ImmutableUniqueList              : loaded 2 times (x 159B)
Class jdk.internal.jimage.ImageBufferCache                                            : loaded 2 times (x 69B)
Class com.google.common.base.CharMatcher$JavaLetter                                   : loaded 2 times (x 109B)
Class org.gradle.internal.classpath.TransformedClassPath                              : loaded 2 times (x 94B)
Class Settings_gradle                                                                 : loaded 2 times (x 126B)
Class jdk.internal.jimage.ImageReader$Directory                                       : loaded 2 times (x 82B)
Class com.google.common.base.CharMatcher$JavaUpperCase                                : loaded 2 times (x 109B)


---------------  S Y S T E M  ---------------

OS:
 Windows 11 , 64 bit Build 22621 (10.0.22621.3672)
OS uptime: 0 days 21:50 hours

CPU: total 8 (initial active 8) (8 cores per cpu, 2 threads per core) family 23 model 24 stepping 1 microcode 0x0, cx8, cmov, fxsr, ht, mmx, 3dnowpref, sse, sse2, sse3, ssse3, sse4a, sse4.1, sse4.2, popcnt, lzcnt, tsc, tscinvbit, avx, avx2, aes, clmul, bmi1, bmi2, adx, sha, fma, vzeroupper, clflush, clflushopt
Processor Information for all 8 processors :
  Max Mhz: 2100, Current Mhz: 2100, Mhz Limit: 2100

Memory: 4k page, system-wide physical 6030M (163M free)
TotalPageFile size 14001M (AvailPageFile size 0M)
current process WorkingSet (physical memory assigned to process): 401M, peak: 405M
current process commit charge ("private bytes"): 508M, peak: 511M

vm_info: OpenJDK 64-Bit Server VM (17.0.10+0--11572160) for windows-amd64 JRE (17.0.10+0--11572160), built on Mar 13 2024 23:56:38 by "androidbuild" with MS VC++ 16.10 / 16.11 (VS2019)

END.
